[0mGET / [32m200 [0m168.683 ms - -[0m
[0mGET /system/assets/css/common.css [32m200 [0m34.221 ms - 905[0m
[0mGET /articles/assets/css/articles.css [32m200 [0m44.737 ms - 94[0m
[0mGET /shopWeb/assets/css/shopWeb.css [32m200 [0m51.569 ms - 226[0m
[0mGET /theme/assets/css/loginForms.css [32m200 [0m63.435 ms - -[0m
[0mGET /theme/assets/css/theme.css [32m200 [0m62.942 ms - -[0m
[0mGET /shopThemes/assets/lib/e-shopper/css/main.css [32m200 [0m61.282 ms - -[0m
[0mGET /shopThemes/assets/lib/e-shopper/css/responsive.css [32m200 [0m53.711 ms - -[0m
[0mGET /shopThemes/assets/lib/font-awesome/css/font-awesome.css [32m200 [0m36.565 ms - -[0m
[0mGET /shopThemes/assets/lib/seiyria-bootstrap-slider/css/bootstrap-slider.css [32m200 [0m31.571 ms - -[0m
[0mGET /shopThemes/assets/lib/jquery-prettyPhoto/css/prettyPhoto.css [32m200 [0m37.782 ms - -[0m
[0mGET /shopThemes/assets/lib/animate.css/animate.css [32m200 [0m68.365 ms - -[0m
[0mGET /shopSlider/assets/css/shopSlider.css [32m200 [0m26.714 ms - 54[0m
[0mGET /shopThemes/assets/css/shopThemes.css [32m200 [0m39.945 ms - 589[0m
[0mGET /shopCore/assets/css/shopCore.css [32m200 [0m37.671 ms - 52[0m
[0mGET /shopUser/assets/css/shopUser.css [32m200 [0m29.033 ms - 881[0m
[0mGET /shopCategory/assets/css/shopCategory.css [32m200 [0m20.965 ms - 56[0m
[0mGET /shopProduct/assets/css/shopProduct.css [32m200 [0m15.553 ms - 55[0m
[0mGET /bower_components/jquery/dist/jquery.min.js?duxc3e7mn29 [32m200 [0m99.134 ms - -[0m
[0mGET /bower_components/angular-mocks/angular-mocks.js?duxc3e7mn29 [32m200 [0m94.707 ms - -[0m
[0mGET /bower_components/angular-cookies/angular-cookies.min.js?duxc3e7mn29 [32m200 [0m34.580 ms - 825[0m
[0mGET /bower_components/angular/angular.min.js?duxc3e7mn29 [32m200 [0m114.325 ms - -[0m
[0mGET /bower_components/angular-resource/angular-resource.min.js?duxc3e7mn29 [32m200 [0m41.449 ms - -[0m
[0mGET /bower_components/angular-ui-router/release/angular-ui-router.min.js?duxc3e7mn29 [32m200 [0m49.859 ms - -[0m
[0mGET /bower_components/web-bootstrap/index.js?duxc3e7mn29 [32m200 [0m27.263 ms - 690[0m
[0mGET /bower_components/angular-bootstrap/ui-bootstrap-tpls.js?duxc3e7mn29 [32m200 [0m134.944 ms - -[0m
[0mGET /system/system.js [32m200 [0m88.507 ms - 512[0m
[0mGET /shopThemes/shopThemes.js [32m200 [0m84.583 ms - 238[0m
[0mGET /shopWeb/shopWeb.js [32m200 [0m33.765 ms - 227[0m
[0mGET /articles/controllers/articles.js [32m200 [0m28.343 ms - -[0m
[0mGET /articles/routes/articles.js [32m200 [0m13.725 ms - -[0m
[0mGET /articles/services/articles.js [32m200 [0m10.488 ms - 297[0m
[0mGET /system/controllers/header.js [32m200 [0m14.279 ms - 951[0m
[0mGET /bower_components/lodash/lodash.js?duxc3e7mn29 [32m200 [0m143.660 ms - -[0m
[0mGET /system/controllers/index.js [32m200 [0m9.496 ms - -[0m
[0mGET /system/routes/system.js [32m200 [0m10.676 ms - -[0m
[0mGET /system/services/interceptor.js [32m200 [0m9.264 ms - 826[0m
[0mGET /system/services/global.js [32m200 [0m11.541 ms - 455[0m
[0mGET /system/services/menus.js [32m200 [0m18.352 ms - 214[0m
[0mGET /theme/controllers/theme.js [32m200 [0m14.304 ms - 254[0m
[0mGET /theme/routes/theme.js [32m200 [0m4.790 ms - 249[0m
[0mGET /theme/services/theme.js [32m200 [0m3.402 ms - 126[0m
[0mGET /users/controllers/meanUser.js [32m200 [0m133.998 ms - -[0m
[0mGET /users/routes/auth.js [32m200 [0m139.303 ms - -[0m
[0mGET /shopCatalog/controllers/checkoutController.js [32m200 [0m104.942 ms - 379[0m
[0mGET /users/services/meanUser.js [32m200 [0m132.907 ms - 130[0m
[0mGET /shopCatalog/models/cart.js [32m200 [0m10.157 ms - 246[0m
[0mGET /shopCatalog/directives/miniCart.js [32m200 [0m43.536 ms - 967[0m
[0mGET /shopCatalog/routes/checkoutRoute.js [32m200 [0m6.065 ms - 315[0m
[0mGET /shopCatalog/services/cartService.js [32m200 [0m17.405 ms - -[0m
[0mGET /shopCategory/controllers/shopCategory.js [32m200 [0m11.043 ms - -[0m
[0mGET /shopCategory/directives/shopCategoryAccordion.js [32m200 [0m76.871 ms - -[0m
[0mGET /shopCategory/directives/shopCategoryBrands.js [32m200 [0m21.889 ms - 351[0m
[0mGET /shopCategory/services/shopCategory.js [32m200 [0m23.166 ms - 244[0m
[0mGET /shopCategory/directives/shopFreeShippingWorldwideAd.js [32m200 [0m22.168 ms - 371[0m
[0mGET /shopCategory/directives/shopProductPriceRange.js [32m200 [0m22.100 ms - 359[0m
[0mGET /shopCategory/routes/shopCategory.js [32m200 [0m22.417 ms - 343[0m
[0mGET /shopCore/controllers/shopCore.js [32m200 [0m7.165 ms - 260[0m
[0mGET /shopCore/routes/shopCore.js [32m200 [0m3.412 ms - 379[0m
[0mGET /shopCore/services/shopCore.js [32m200 [0m40.137 ms - 135[0m
[0mGET /shopProduct/directives/shopProductFeaturedItem.js [32m200 [0m32.468 ms - 462[0m
[0mGET /shopProduct/controllers/shopProduct.js [32m200 [0m41.343 ms - -[0m
[0mGET /shopProduct/directives/shopProductRecommendedItem.js [32m200 [0m25.133 ms - 428[0m
[0mGET /shopProduct/directives/shopProductTabbedItem.js [32m200 [0m21.035 ms - 424[0m
[0mGET /shopProduct/routes/shopProduct.js [32m200 [0m13.579 ms - 323[0m
[0mGET /shopProduct/services/shopProduct.js [32m200 [0m8.525 ms - 239[0m
[0mGET /shopSlider/controllers/shopSlider.js [32m200 [0m12.755 ms - 550[0m
[0mGET /shopSlider/directives/shopSliderContainer.js [32m200 [0m12.849 ms - 345[0m
[0mGET /shopSlider/routes/shopSlider.js [32m200 [0m19.010 ms - 257[0m
[0mGET /shopSlider/services/shopSlider.js [32m200 [0m17.421 ms - 141[0m
[0mGET /shopThemes/controllers/shopThemes.js [32m200 [0m13.169 ms - 270[0m
[0mGET /shopThemes/directives/shopHeader.js [32m200 [0m5.355 ms - 617[0m
[0mGET /shopThemes/routes/shopThemes.js [32m200 [0m13.374 ms - 257[0m
[0mGET /shopThemes/services/shopThemes.js [32m200 [0m12.576 ms - 141[0m
[0mGET /shopUser/controllers/shopUserLoginController.js [32m200 [0m14.800 ms - 882[0m
[0mGET /shopUser/controllers/shopUserLogoutController.js [32m200 [0m15.766 ms - 530[0m
[0mGET /shopUser/controllers/shopUserPasswordController.js [32m200 [0m27.688 ms - -[0m
[0mGET /shopUser/controllers/shopUserRegistrationController.js [32m200 [0m25.215 ms - -[0m
[0mGET /shopWeb/controllers/shopWeb.js [32m200 [0m30.632 ms - 255[0m
[0mGET /shopUser/directives/shopUserProfileGeneral.js [32m200 [0m31.035 ms - 408[0m
[0mGET /shopUser/services/shopuser.js [32m200 [0m31.012 ms - 135[0m
[0mGET /shopUser/directives/shopUserProfile.js [32m200 [0m77.401 ms - -[0m
[0mGET /shopUser/directives/shopUserProfileAddress.js [32m200 [0m39.611 ms - -[0m
[0mGET /shopUser/routes/shopUser.js [32m200 [0m39.164 ms - -[0m
[0mGET /shopWeb/routes/shopWeb.js [32m200 [0m3.010 ms - 223[0m
[0mGET /shopWeb/services/shopWeb.js [32m200 [0m10.308 ms - 132[0m
[0mGET /shopThemes/assets/lib/bower-bootstrap-slider/js/bootstrap-slider.js [32m200 [0m24.477 ms - -[0m
[0mGET /shopThemes/assets/js/shopThemes.js [32m200 [0m28.434 ms - -[0m
[0mGET /shopThemes/assets/lib/scrollup/src/jquery.scrollUp.js [32m200 [0m46.410 ms - -[0m
[0mGET /shopThemes/assets/lib/jquery-prettyPhoto/js/jquery.prettyPhoto.js [32m200 [0m48.173 ms - -[0m
[0mGET /bower_components/textAngular/dist/textAngular-sanitize.min.js [32m200 [0m16.263 ms - -[0m
[0mGET /bower_components/textAngular/dist/textAngular-rangy.min.js [32m200 [0m30.567 ms - -[0m
[0mGET /bower_components/textAngular/dist/textAngular.min.js [32m200 [0m37.390 ms - -[0m
[0mGET /bower_components/ng-file-upload/ng-file-upload.min.js [32m200 [0m29.918 ms - -[0m
[0mGET /bower_components/ng-file-upload/ng-file-upload-shim.min.js [32m200 [0m29.729 ms - -[0m
[0mGET /_getModules [32m200 [0m2.594 ms - 762[0m
[0mGET /shopThemes/views/header.html [32m200 [0m3.392 ms - -[0m
[0mGET /shopThemes/views/footer.html [32m200 [0m6.750 ms - -[0m
[0mGET /shopWeb/views/index.html [32m200 [0m6.808 ms - -[0m
[0mGET /shopThemes/assets/img/home/logo.png [32m200 [0m4.506 ms - 2899[0m
[0mGET /api/cart [31m500 [0m22.715 ms - -[0m
[0mGET /shopCatalog/views/mini-cart.html [32m200 [0m14.608 ms - -[0m
[0mGET /shopThemes/assets/img/home/iframe1.png [32m200 [0m4.508 ms - 6915[0m
[0mGET /shopThemes/assets/img/home/iframe3.png [32m200 [0m60.259 ms - 12990[0m
[0mGET /shopThemes/assets/img/home/iframe4.png [32m200 [0m60.314 ms - 13835[0m
[0mGET /shopThemes/assets/img/home/iframe2.png [32m200 [0m61.499 ms - 9870[0m
[0mGET /shopThemes/assets/img/home/map.png [32m200 [0m3.002 ms - 14823[0m
[0mGET /shopThemes/assets/img/home/searchicon.png [32m200 [0m5.406 ms - 1165[0m
[0mGET /shopThemes/assets/lib/font-awesome/fonts/fontawesome-webfont.woff?v=4.3.0 [32m200 [0m12.407 ms - 71508[0m
[0mGET /shopSlider/views/shop-slider-container.html [32m200 [0m30.351 ms - -[0m
[0mGET /shopCategory/views/shop-category-brands.html [32m200 [0m27.453 ms - 819[0m
[0mGET /shopCategory/views/shop-category-accordion.html [32m200 [0m30.636 ms - -[0m
[0mGET /shopCategory/views/shop-product-price-range.html [32m200 [0m28.893 ms - 463[0m
[0mGET /shopCategory/views/shop-free-shipping-worldwide-ad.html [32m200 [0m30.580 ms - 133[0m
[0mGET /shopProduct/views/shop-product-featured-item.html [32m200 [0m21.859 ms - -[0m
[0mGET /shopProduct/views/shop-product-tabbed-item.html [32m200 [0m14.159 ms - 541[0m
[0mGET /shopProduct/views/shop-product-recommended-item.html [32m200 [0m8.414 ms - 509[0m
[0mGET /shopThemes/assets/img/home/girl1.jpg [32m200 [0m21.460 ms - 133812[0m
[0mGET /shopThemes/assets/img/home/pricing.png [32m200 [0m23.067 ms - 10268[0m
[0mGET /shopThemes/assets/img/home/girl2.jpg [32m200 [0m19.219 ms - 144294[0m
[0mGET /shopThemes/assets/img/home/girl3.jpg [32m200 [0m10.711 ms - 124440[0m
[0mGET /api/categories [32m200 [0m20.278 ms - 2[0m
[0mGET /shopCategory/assets/img/home/shipping.jpg [32m200 [0m4.570 ms - 57427[0m
[0mGET /shopThemes/assets/img/home/product1.jpg [32m200 [0m3.490 ms - 33098[0m
[0mGET /shopThemes/assets/img/home/product2.jpg [32m200 [0m10.246 ms - 33671[0m
[0mGET /shopThemes/assets/img/home/product4.jpg [32m200 [0m33.525 ms - 29976[0m
[0mGET /shopThemes/assets/img/home/product3.jpg [32m200 [0m40.133 ms - 22209[0m
[0mGET /shopThemes/assets/img/home/new.png [32m200 [0m87.234 ms - 1676[0m
[0mGET /shopThemes/assets/img/home/product6.jpg [32m200 [0m84.940 ms - 38854[0m
[0mGET /shopThemes/assets/img/home/sale.png [32m200 [0m79.057 ms - 1727[0m
[0mGET /shopThemes/assets/img/home/product5.jpg [32m200 [0m92.192 ms - 38364[0m
[0mGET /shopThemes/assets/img/home/gallery1.jpg [32m200 [0m23.676 ms - 27409[0m
[0mGET /shopThemes/assets/img/home/gallery2.jpg [32m200 [0m17.532 ms - 23044[0m
[0mGET /shopThemes/assets/img/home/gallery3.jpg [32m200 [0m8.355 ms - 28607[0m
[0mGET /shopThemes/assets/img/home/gallery4.jpg [32m200 [0m8.423 ms - 30838[0m
[0mGET /shopThemes/assets/img/home/recommend1.jpg [32m200 [0m12.887 ms - 18273[0m
[0mGET /shopThemes/assets/img/home/recommend2.jpg [32m200 [0m23.154 ms - 20025[0m
[0mGET /shopThemes/assets/img/home/recommend3.jpg [32m200 [0m14.022 ms - 18501[0m
[0mGET /favicon.ico [32m200 [0m15.518 ms - -[0m
[0mGET / [32m200 [0m137.549 ms - -[0m
[0mGET /bower_components/angular-cookies/angular-cookies.min.js?s0a91du0udi [32m200 [0m87.956 ms - 825[0m
[0mGET /bower_components/angular-ui-router/release/angular-ui-router.min.js?s0a91du0udi [32m200 [0m84.610 ms - -[0m
[0mGET /bower_components/angular-resource/angular-resource.min.js?s0a91du0udi [32m200 [0m97.607 ms - -[0m
[0mGET /bower_components/jquery/dist/jquery.min.js?s0a91du0udi [32m200 [0m136.438 ms - -[0m
[0mGET /bower_components/angular-mocks/angular-mocks.js?s0a91du0udi [32m200 [0m135.591 ms - -[0m
[0mGET /bower_components/angular/angular.min.js?s0a91du0udi [32m200 [0m158.275 ms - -[0m
[0mGET /bower_components/web-bootstrap/index.js?s0a91du0udi [32m200 [0m71.236 ms - 690[0m
[0mGET /system/assets/css/common.css [36m304 [0m37.540 ms - -[0m
[0mGET /theme/assets/css/loginForms.css [36m304 [0m35.083 ms - -[0m
[0mGET /bower_components/angular-bootstrap/ui-bootstrap-tpls.js?s0a91du0udi [32m200 [0m192.622 ms - -[0m
[0mGET /theme/assets/css/theme.css [36m304 [0m71.424 ms - -[0m
[0mGET /articles/assets/css/articles.css [36m304 [0m26.986 ms - -[0m
[0mGET /shopWeb/assets/css/shopWeb.css [36m304 [0m66.497 ms - -[0m
[0mGET /shopThemes/assets/lib/e-shopper/css/responsive.css [36m304 [0m39.305 ms - -[0m
[0mGET /shopThemes/assets/lib/e-shopper/css/main.css [36m304 [0m54.814 ms - -[0m
[0mGET /shopThemes/assets/lib/font-awesome/css/font-awesome.css [36m304 [0m13.608 ms - -[0m
[0mGET /shopThemes/assets/lib/seiyria-bootstrap-slider/css/bootstrap-slider.css [36m304 [0m27.607 ms - -[0m
[0mGET /shopThemes/assets/css/shopThemes.css [36m304 [0m29.686 ms - -[0m
[0mGET /shopThemes/assets/lib/jquery-prettyPhoto/css/prettyPhoto.css [36m304 [0m27.994 ms - -[0m
[0mGET /bower_components/lodash/lodash.js?s0a91du0udi [32m200 [0m344.309 ms - -[0m
[0mGET /shopThemes/assets/lib/animate.css/animate.css [36m304 [0m48.232 ms - -[0m
[0mGET /shopCore/assets/css/shopCore.css [36m304 [0m48.702 ms - -[0m
[0mGET /shopUser/assets/css/shopUser.css [36m304 [0m31.442 ms - -[0m
[0mGET /shopSlider/assets/css/shopSlider.css [36m304 [0m115.145 ms - -[0m
[0mGET /shopCategory/assets/css/shopCategory.css [36m304 [0m110.737 ms - -[0m
[0mGET /shopProduct/assets/css/shopProduct.css [36m304 [0m20.421 ms - -[0m
[0mGET /shopThemes/shopThemes.js [36m304 [0m19.383 ms - -[0m
[0mGET /system/system.js [36m304 [0m18.203 ms - -[0m
[0mGET /shopWeb/shopWeb.js [36m304 [0m9.789 ms - -[0m
[0mGET /articles/controllers/articles.js [36m304 [0m23.244 ms - -[0m
[0mGET /articles/routes/articles.js [36m304 [0m25.338 ms - -[0m
[0mGET /articles/services/articles.js [36m304 [0m23.257 ms - -[0m
[0mGET /system/controllers/index.js [36m304 [0m21.672 ms - -[0m
[0mGET /system/controllers/header.js [36m304 [0m16.827 ms - -[0m
[0mGET /system/routes/system.js [36m304 [0m11.294 ms - -[0m
[0mGET /system/services/global.js [36m304 [0m18.029 ms - -[0m
[0mGET /system/services/interceptor.js [36m304 [0m20.999 ms - -[0m
[0mGET /system/services/menus.js [36m304 [0m26.688 ms - -[0m
[0mGET /theme/controllers/theme.js [36m304 [0m26.692 ms - -[0m
[0mGET /theme/services/theme.js [36m304 [0m19.035 ms - -[0m
[0mGET /theme/routes/theme.js [36m304 [0m21.730 ms - -[0m
[0mGET /users/controllers/meanUser.js [36m304 [0m16.975 ms - -[0m
[0mGET /users/routes/auth.js [36m304 [0m12.880 ms - -[0m
[0mGET /users/services/meanUser.js [36m304 [0m23.197 ms - -[0m
[0mGET /shopCatalog/directives/miniCart.js [36m304 [0m23.059 ms - -[0m
[0mGET /shopCatalog/controllers/checkoutController.js [36m304 [0m25.960 ms - -[0m
[0mGET /shopCatalog/routes/checkoutRoute.js [36m304 [0m15.106 ms - -[0m
[0mGET /shopCatalog/models/cart.js [36m304 [0m22.171 ms - -[0m
[0mGET /shopCatalog/services/cartService.js [36m304 [0m16.108 ms - -[0m
[0mGET /shopCategory/controllers/shopCategory.js [36m304 [0m145.706 ms - -[0m
[0mGET /shopCategory/directives/shopCategoryBrands.js [36m304 [0m146.277 ms - -[0m
[0mGET /shopCategory/directives/shopCategoryAccordion.js [36m304 [0m144.597 ms - -[0m
[0mGET /shopCategory/directives/shopFreeShippingWorldwideAd.js [36m304 [0m19.373 ms - -[0m
[0mGET /shopCategory/directives/shopProductPriceRange.js [36m304 [0m29.149 ms - -[0m
[0mGET /shopCategory/routes/shopCategory.js [36m304 [0m25.741 ms - -[0m
[0mGET /shopCore/controllers/shopCore.js [36m304 [0m33.700 ms - -[0m
[0mGET /shopCategory/services/shopCategory.js [36m304 [0m48.860 ms - -[0m
[0mGET /shopProduct/controllers/shopProduct.js [36m304 [0m11.098 ms - -[0m
[0mGET /shopCore/routes/shopCore.js [36m304 [0m27.766 ms - -[0m
[0mGET /shopCore/services/shopCore.js [36m304 [0m22.959 ms - -[0m
[0mGET /shopProduct/directives/shopProductFeaturedItem.js [36m304 [0m12.537 ms - -[0m
[0mGET /shopSlider/directives/shopSliderContainer.js [36m304 [0m32.355 ms - -[0m
[0mGET /shopProduct/services/shopProduct.js [36m304 [0m53.663 ms - -[0m
[0mGET /shopSlider/routes/shopSlider.js [36m304 [0m24.453 ms - -[0m
[0mGET /shopProduct/directives/shopProductRecommendedItem.js [36m304 [0m51.854 ms - -[0m
[0mGET /shopProduct/directives/shopProductTabbedItem.js [36m304 [0m51.818 ms - -[0m
[0mGET /shopProduct/routes/shopProduct.js [36m304 [0m54.603 ms - -[0m
[0mGET /shopSlider/controllers/shopSlider.js [36m304 [0m39.544 ms - -[0m
[0mGET /shopThemes/controllers/shopThemes.js [36m304 [0m37.220 ms - -[0m
[0mGET /shopSlider/services/shopSlider.js [36m304 [0m33.763 ms - -[0m
[0mGET /shopThemes/services/shopThemes.js [36m304 [0m32.882 ms - -[0m
[0mGET /shopThemes/directives/shopHeader.js [36m304 [0m46.415 ms - -[0m
[0mGET /shopThemes/routes/shopThemes.js [36m304 [0m52.803 ms - -[0m
[0mGET /shopUser/controllers/shopUserLoginController.js [36m304 [0m47.753 ms - -[0m
[0mGET /shopUser/directives/shopUserProfileAddress.js [36m304 [0m134.250 ms - -[0m
[0mGET /shopUser/controllers/shopUserLogoutController.js [36m304 [0m140.649 ms - -[0m
[0mGET /shopUser/controllers/shopUserPasswordController.js [36m304 [0m140.501 ms - -[0m
[0mGET /shopUser/controllers/shopUserRegistrationController.js [36m304 [0m142.082 ms - -[0m
[0mGET /shopUser/directives/shopUserProfile.js [36m304 [0m144.899 ms - -[0m
[0mGET /shopUser/directives/shopUserProfileGeneral.js [36m304 [0m34.001 ms - -[0m
[0mGET /shopWeb/services/shopWeb.js [36m304 [0m62.208 ms - -[0m
[0mGET /shopUser/routes/shopUser.js [36m304 [0m60.717 ms - -[0m
[0mGET /shopUser/services/shopuser.js [36m304 [0m68.660 ms - -[0m
[0mGET /shopWeb/controllers/shopWeb.js [36m304 [0m71.833 ms - -[0m
[0mGET /shopWeb/routes/shopWeb.js [36m304 [0m68.193 ms - -[0m
[0mGET /shopThemes/assets/lib/jquery-prettyPhoto/js/jquery.prettyPhoto.js [36m304 [0m24.973 ms - -[0m
[0mGET /bower_components/textAngular/dist/textAngular-sanitize.min.js [36m304 [0m31.779 ms - -[0m
[0mGET /shopThemes/assets/lib/bower-bootstrap-slider/js/bootstrap-slider.js [36m304 [0m40.161 ms - -[0m
[0mGET /shopThemes/assets/js/shopThemes.js [36m304 [0m33.608 ms - -[0m
[0mGET /shopThemes/assets/lib/scrollup/src/jquery.scrollUp.js [36m304 [0m34.453 ms - -[0m
[0mGET /bower_components/textAngular/dist/textAngular-rangy.min.js [36m304 [0m30.813 ms - -[0m
[0mGET /bower_components/textAngular/dist/textAngular.min.js [36m304 [0m13.305 ms - -[0m
[0mGET /bower_components/ng-file-upload/ng-file-upload.min.js [36m304 [0m7.599 ms - -[0m
[0mGET /bower_components/ng-file-upload/ng-file-upload-shim.min.js [36m304 [0m4.984 ms - -[0m
[0mGET /_getModules [36m304 [0m3.248 ms - -[0m
[0mGET /shopThemes/views/footer.html [36m304 [0m8.359 ms - -[0m
[0mGET /shopThemes/views/header.html [36m304 [0m12.832 ms - -[0m
[0mGET /shopWeb/views/index.html [36m304 [0m13.076 ms - -[0m
[0mGET /shopThemes/assets/img/home/iframe1.png [36m304 [0m1.735 ms - -[0m
[0mGET /shopThemes/assets/img/home/iframe2.png [36m304 [0m17.947 ms - -[0m
[0mGET /shopThemes/assets/img/home/logo.png [36m304 [0m14.952 ms - -[0m
[0mGET /shopThemes/assets/img/home/iframe3.png [36m304 [0m84.774 ms - -[0m
[0mGET /shopThemes/assets/img/home/iframe4.png [36m304 [0m82.789 ms - -[0m
[0mGET /shopThemes/assets/img/home/map.png [36m304 [0m79.243 ms - -[0m
[0mGET /shopCatalog/views/mini-cart.html [36m304 [0m23.042 ms - -[0m
[0mGET /shopThemes/assets/img/home/searchicon.png [36m304 [0m32.530 ms - -[0m
[0mGET /shopSlider/views/shop-slider-container.html [36m304 [0m25.077 ms - -[0m
[0mGET /shopCategory/views/shop-category-accordion.html [36m304 [0m11.176 ms - -[0m
[0mGET /shopCategory/views/shop-category-brands.html [36m304 [0m9.663 ms - -[0m
[0mGET /api/cart [31m500 [0m84.163 ms - -[0m
[0mGET /shopCategory/views/shop-product-price-range.html [36m304 [0m55.907 ms - -[0m
[0mGET /shopCategory/views/shop-free-shipping-worldwide-ad.html [36m304 [0m55.532 ms - -[0m
[0mGET /shopProduct/views/shop-product-featured-item.html [36m304 [0m46.392 ms - -[0m
[0mGET /shopProduct/views/shop-product-tabbed-item.html [36m304 [0m15.158 ms - -[0m
[0mGET /shopProduct/views/shop-product-recommended-item.html [36m304 [0m15.022 ms - -[0m
[0mGET /api/categories [36m304 [0m20.181 ms - -[0m
[0mGET /shopThemes/assets/img/home/pricing.png [36m304 [0m11.604 ms - -[0m
[0mGET /shopThemes/assets/img/home/girl1.jpg [36m304 [0m15.052 ms - -[0m
[0mGET /shopThemes/assets/img/home/girl2.jpg [36m304 [0m14.533 ms - -[0m
[0mGET /shopThemes/assets/img/home/girl3.jpg [36m304 [0m5.162 ms - -[0m
[0mGET /shopCategory/assets/img/home/shipping.jpg [36m304 [0m6.562 ms - -[0m
[0mGET /shopThemes/assets/img/home/product1.jpg [36m304 [0m3.201 ms - -[0m
[0mGET /shopThemes/assets/img/home/product3.jpg [36m304 [0m10.339 ms - -[0m
[0mGET /shopThemes/assets/img/home/new.png [36m304 [0m8.555 ms - -[0m
[0mGET /shopThemes/assets/img/home/product2.jpg [36m304 [0m12.043 ms - -[0m
[0mGET /shopThemes/assets/img/home/product4.jpg [36m304 [0m11.715 ms - -[0m
[0mGET /shopThemes/assets/img/home/product5.jpg [36m304 [0m11.864 ms - -[0m
[0mGET /shopThemes/assets/img/home/product6.jpg [36m304 [0m5.113 ms - -[0m
[0mGET /shopThemes/assets/img/home/sale.png [36m304 [0m6.516 ms - -[0m
[0mGET /shopThemes/assets/img/home/gallery1.jpg [36m304 [0m62.131 ms - -[0m
[0mGET /shopThemes/assets/img/home/gallery2.jpg [36m304 [0m55.422 ms - -[0m
[0mGET /shopThemes/assets/img/home/gallery4.jpg [36m304 [0m22.915 ms - -[0m
[0mGET /shopThemes/assets/img/home/gallery3.jpg [36m304 [0m26.050 ms - -[0m
[0mGET /shopThemes/assets/img/home/recommend1.jpg [36m304 [0m15.911 ms - -[0m
[0mGET /shopThemes/assets/img/home/recommend2.jpg [36m304 [0m5.702 ms - -[0m
[0mGET /shopThemes/assets/img/home/recommend3.jpg [36m304 [0m2.999 ms - -[0m
[0mGET /admin [32m200 [0m18.354 ms - -[0m
[0mGET /bower_components/jstree/dist/themes/default/style.min.css [32m200 [0m8.095 ms - -[0m
[0mGET /bower_components/textAngular/src/textAngular.css [32m200 [0m22.018 ms - -[0m
[0mGET /shopThemes/assets/lib/metisMenu/src/metisMenu.css [32m200 [0m26.880 ms - 856[0m
[0mGET /shopThemes/assets/lib/morrisjs/morris.css [32m200 [0m20.184 ms - 433[0m
[0mGET /shopThemes/assets/css/layout-admin.css [32m200 [0m37.824 ms - -[0m
[0mGET /shopThemes/assets/lib/font-awesome/css/font-awesome.min.css [32m200 [0m33.399 ms - -[0m
[0mGET /shopAdmin/assets/css/shop-admin.css [32m200 [0m44.883 ms - -[0m
[0mGET /shopAdmin/assets/css/shop-admin-form.css [32m200 [0m29.363 ms - 441[0m
[0mGET /bower_components/angular-cookies/angular-cookies.min.js [32m200 [0m60.306 ms - 825[0m
[0mGET /bower_components/angular/angular.min.js [32m200 [0m102.440 ms - -[0m
[0mGET /bower_components/angular-mocks/angular-mocks.js [32m200 [0m99.369 ms - -[0m
[0mGET /bower_components/angular-resource/angular-resource.min.js [32m200 [0m49.221 ms - -[0m
[0mGET /bower_components/angular-ui-router/release/angular-ui-router.min.js [32m200 [0m41.009 ms - -[0m
[0mGET /bower_components/web-bootstrap/index.js [32m200 [0m15.296 ms - 690[0m
[0mGET /bower_components/jstree/dist/jstree.min.js [32m200 [0m19.519 ms - -[0m
[0mGET /shopThemes/assets/lib/metisMenu/src/metisMenu.js [32m200 [0m11.201 ms - -[0m
[0mGET /bower_components/angular-bootstrap/ui-bootstrap-tpls.js [32m200 [0m112.920 ms - -[0m
[0mGET /bower_components/bootstrap/dist/js/bootstrap.min.js [32m200 [0m48.670 ms - -[0m
[0mGET /shopThemes/assets/js/shopThemeAdmin.js [32m200 [0m47.485 ms - -[0m
[0mGET /shopAdmin/assets/js/routes/user.js [32m200 [0m69.567 ms - 906[0m
[0mGET /shopAdmin/assets/js/shopAdmin.js [32m200 [0m81.918 ms - -[0m
[0mGET /shopAdmin/assets/js/routes/category.js [32m200 [0m81.929 ms - -[0m
[0mGET /shopAdmin/assets/js/directives/shopAdminSideMenu.js [32m200 [0m11.484 ms - 358[0m
[0mGET /shopAdmin/assets/js/directives/questionMark.js [32m200 [0m8.409 ms - 362[0m
[0mGET /shopAdmin/assets/js/directives/shopAdminCategoryTree.js [32m200 [0m13.000 ms - -[0m
[0mGET /shopAdmin/assets/js/directives/category/tabCategoryAcl.js [32m200 [0m14.495 ms - 345[0m
[0mGET /shopAdmin/assets/js/directives/paginatedTable.js [32m200 [0m18.208 ms - 313[0m
[0mGET /shopAdmin/assets/js/directives/category/tabCategoryDiscounts.js [32m200 [0m18.918 ms - 357[0m
[0mGET /shopAdmin/assets/js/directives/category/tabCategoryInfo.js [32m200 [0m17.417 ms - 347[0m
[0mGET /shopAdmin/assets/js/directives/category/tabCategoryProducts.js [32m200 [0m12.676 ms - 355[0m
[0mGET /shopAdmin/assets/js/directives/category/tabCategorySeo.js [32m200 [0m12.001 ms - 345[0m
[0mGET /shopAdmin/assets/js/directives/category/tabCategoryStores.js [32m200 [0m4.187 ms - 351[0m
[0mGET /shopAdmin/assets/js/controllers/loginController.js [32m200 [0m19.342 ms - -[0m
[0mGET /shopAdmin/assets/js/controllers/dashboardController.js [32m200 [0m18.711 ms - 188[0m
[0mGET /shopAdmin/assets/js/controllers/registrationController.js [32m200 [0m29.840 ms - -[0m
[0mGET /shopAdmin/assets/js/controllers/category/createUpdateController.js [32m200 [0m28.718 ms - -[0m
[0mGET /shopAdmin/assets/js/controllers/category/listController.js [32m200 [0m29.550 ms - -[0m
[0mGET /shopAdmin/assets/js/controllers/category/treeController.js [32m200 [0m19.598 ms - 147[0m
[0mGET /shopAdmin/assets/js/controllers/category/editController.js [32m200 [0m3.478 ms - 266[0m
[0mGET /shopAdmin/assets/js/controllers/user/userListController.js [32m200 [0m3.386 ms - -[0m
[0mGET /shopAdmin/assets/js/controllers/user/userEditController.js [32m200 [0m14.604 ms - -[0m
[0mGET /shopAdmin/assets/js/controllers/user/userCreateController.js [32m200 [0m59.083 ms - -[0m
[0mGET /shopAdmin/assets/js/services/userService.js [32m200 [0m57.506 ms - -[0m
[0mGET /bower_components/textAngular/dist/textAngular-rangy.min.js [36m304 [0m22.541 ms - -[0m
[0mGET /bower_components/textAngular/dist/textAngular-sanitize.min.js [36m304 [0m4.429 ms - -[0m
[0mGET /bower_components/textAngular/dist/textAngular.min.js [36m304 [0m90.209 ms - -[0m
[0mGET /bower_components/ng-file-upload/ng-file-upload.min.js [36m304 [0m89.281 ms - -[0m
[0mGET /bower_components/ng-file-upload/ng-file-upload-shim.min.js [36m304 [0m91.485 ms - -[0m
[0mGET /system/system.js [36m304 [0m19.453 ms - -[0m
[0mGET /system/routes/system.js [36m304 [0m15.559 ms - -[0m
[0mGET /bower_components/jquery/dist/jquery.min.js [32m200 [0m174.024 ms - -[0m
[0mGET /system/services/global.js [36m304 [0m6.374 ms - -[0m
[0mGET /system/services/interceptor.js [36m304 [0m4.700 ms - -[0m
[0mGET /_getModules [36m304 [0m5.676 ms - -[0m
[0mGET /shopThemes/views/header-admin.html [32m200 [0m3.523 ms - -[0m
[0mGET /shopAdmin/views/anonymous.html [32m200 [0m10.625 ms - 11[0m
[0mGET /shopAdmin/views/side-menu.html [32m200 [0m3.113 ms - -[0m
[0mGET /shopAdmin/views/login-modal.html [32m200 [0m18.233 ms - -[0m
[0mGET /shopAdmin/views/registration-modal.html [33m404 [0m9.719 ms - -[0m
[0mGET / [32m200 [0m6.361 ms - -[0m
[0mGET /system/system.js [36m304 [0m2.048 ms - -[0m
[0mGET /system/routes/system.js [36m304 [0m1.668 ms - -[0m
[0mGET /system/services/global.js [36m304 [0m7.912 ms - -[0m
[0mGET /system/services/interceptor.js [36m304 [0m5.563 ms - -[0m
[0mGET /bower_components/textAngular/dist/textAngular-rangy.min.js [36m304 [0m11.009 ms - -[0m
[0mGET /bower_components/textAngular/dist/textAngular-sanitize.min.js [36m304 [0m10.912 ms - -[0m
[0mGET /bower_components/textAngular/dist/textAngular.min.js [36m304 [0m6.701 ms - -[0m
[0mGET /bower_components/ng-file-upload/ng-file-upload.min.js [36m304 [0m7.011 ms - -[0m
[0mGET /bower_components/ng-file-upload/ng-file-upload-shim.min.js [36m304 [0m11.477 ms - -[0m
[0mGET /system/assets/css/common.css [36m304 [0m65.081 ms - -[0m
[0mGET /theme/assets/css/loginForms.css [36m304 [0m64.640 ms - -[0m
[0mGET /theme/assets/css/theme.css [36m304 [0m64.694 ms - -[0m
[0mGET /shopWeb/assets/css/shopWeb.css [36m304 [0m65.463 ms - -[0m
[0mGET /articles/assets/css/articles.css [36m304 [0m10.202 ms - -[0m
[0mGET /shopThemes/assets/lib/e-shopper/css/responsive.css [36m304 [0m8.468 ms - -[0m
[0mGET /shopThemes/assets/lib/seiyria-bootstrap-slider/css/bootstrap-slider.css [36m304 [0m27.858 ms - -[0m
[0mGET /shopThemes/assets/lib/e-shopper/css/main.css [36m304 [0m16.468 ms - -[0m
[0mGET /shopThemes/assets/lib/jquery-prettyPhoto/css/prettyPhoto.css [36m304 [0m13.010 ms - -[0m
[0mGET /shopThemes/assets/lib/font-awesome/css/font-awesome.css [36m304 [0m15.796 ms - -[0m
[0mGET /shopThemes/assets/css/shopThemes.css [36m304 [0m9.336 ms - -[0m
[0mGET /shopThemes/assets/lib/animate.css/animate.css [36m304 [0m33.665 ms - -[0m
[0mGET /shopUser/assets/css/shopUser.css [36m304 [0m34.690 ms - -[0m
[0mGET /shopSlider/assets/css/shopSlider.css [36m304 [0m6.457 ms - -[0m
[0mGET /shopCore/assets/css/shopCore.css [36m304 [0m13.916 ms - -[0m
[0mGET /shopProduct/assets/css/shopProduct.css [36m304 [0m6.100 ms - -[0m
[0mGET /shopCategory/assets/css/shopCategory.css [36m304 [0m5.005 ms - -[0m
[0mGET /bower_components/jquery/dist/jquery.min.js?s0a91du0udi [36m304 [0m2.054 ms - -[0m
[0mGET /bower_components/angular/angular.min.js?s0a91du0udi [36m304 [0m11.166 ms - -[0m
[0mGET /bower_components/angular-ui-router/release/angular-ui-router.min.js?s0a91du0udi [36m304 [0m6.135 ms - -[0m
[0mGET /bower_components/angular-bootstrap/ui-bootstrap-tpls.js?s0a91du0udi [36m304 [0m10.918 ms - -[0m
[0mGET /bower_components/angular-mocks/angular-mocks.js?s0a91du0udi [36m304 [0m10.960 ms - -[0m
[0mGET /bower_components/angular-cookies/angular-cookies.min.js?s0a91du0udi [36m304 [0m11.083 ms - -[0m
[0mGET /bower_components/angular-resource/angular-resource.min.js?s0a91du0udi [36m304 [0m8.541 ms - -[0m
[0mGET /bower_components/web-bootstrap/index.js?s0a91du0udi [36m304 [0m38.000 ms - -[0m
[0mGET /articles/routes/articles.js [36m304 [0m37.760 ms - -[0m
[0mGET /bower_components/lodash/lodash.js?s0a91du0udi [36m304 [0m38.019 ms - -[0m
[0mGET /shopThemes/shopThemes.js [36m304 [0m37.983 ms - -[0m
[0mGET /shopWeb/shopWeb.js [36m304 [0m38.062 ms - -[0m
[0mGET /articles/controllers/articles.js [36m304 [0m38.377 ms - -[0m
[0mGET /system/services/menus.js [36m304 [0m5.815 ms - -[0m
[0mGET /theme/services/theme.js [36m304 [0m9.529 ms - -[0m
[0mGET /theme/controllers/theme.js [36m304 [0m4.178 ms - -[0m
[0mGET /articles/services/articles.js [36m304 [0m9.578 ms - -[0m
[0mGET /system/controllers/header.js [36m304 [0m9.418 ms - -[0m
[0mGET /system/controllers/index.js [36m304 [0m9.293 ms - -[0m
[0mGET /shopCatalog/directives/miniCart.js [36m304 [0m16.746 ms - -[0m
[0mGET /users/controllers/meanUser.js [36m304 [0m16.907 ms - -[0m
[0mGET /theme/routes/theme.js [36m304 [0m18.190 ms - -[0m
[0mGET /shopCatalog/controllers/checkoutController.js [36m304 [0m11.958 ms - -[0m
[0mGET /users/routes/auth.js [36m304 [0m17.531 ms - -[0m
[0mGET /users/services/meanUser.js [36m304 [0m15.498 ms - -[0m
[0mGET /shopCatalog/routes/checkoutRoute.js [36m304 [0m3.110 ms - -[0m
[0mGET /shopCategory/directives/shopCategoryBrands.js [36m304 [0m3.789 ms - -[0m
[0mGET /shopCatalog/models/cart.js [36m304 [0m7.703 ms - -[0m
[0mGET /shopCatalog/services/cartService.js [36m304 [0m8.345 ms - -[0m
[0mGET /shopCategory/controllers/shopCategory.js [36m304 [0m12.856 ms - -[0m
[0mGET /shopCategory/directives/shopCategoryAccordion.js [36m304 [0m13.364 ms - -[0m
[0mGET /shopCategory/directives/shopFreeShippingWorldwideAd.js [36m304 [0m15.505 ms - -[0m
[0mGET /shopCategory/directives/shopProductPriceRange.js [36m304 [0m12.016 ms - -[0m
[0mGET /shopCore/controllers/shopCore.js [36m304 [0m15.195 ms - -[0m
[0mGET /shopCategory/routes/shopCategory.js [36m304 [0m13.590 ms - -[0m
[0mGET /shopCategory/services/shopCategory.js [36m304 [0m17.370 ms - -[0m
[0mGET /shopCore/routes/shopCore.js [36m304 [0m16.850 ms - -[0m
[0mGET /shopCore/services/shopCore.js [36m304 [0m61.523 ms - -[0m
[0mGET /shopProduct/controllers/shopProduct.js [36m304 [0m53.536 ms - -[0m
[0mGET /shopProduct/directives/shopProductRecommendedItem.js [36m304 [0m17.608 ms - -[0m
[0mGET /shopProduct/directives/shopProductFeaturedItem.js [36m304 [0m21.021 ms - -[0m
[0mGET /shopProduct/directives/shopProductTabbedItem.js [36m304 [0m16.708 ms - -[0m
[0mGET /shopProduct/services/shopProduct.js [36m304 [0m24.086 ms - -[0m
[0mGET /shopProduct/routes/shopProduct.js [36m304 [0m13.703 ms - -[0m
[0mGET /shopSlider/routes/shopSlider.js [36m304 [0m16.723 ms - -[0m
[0mGET /shopSlider/controllers/shopSlider.js [36m304 [0m15.923 ms - -[0m
[0mGET /shopSlider/directives/shopSliderContainer.js [36m304 [0m19.432 ms - -[0m
[0mGET /shopSlider/services/shopSlider.js [36m304 [0m16.118 ms - -[0m
[0mGET /shopThemes/services/shopThemes.js [36m304 [0m18.066 ms - -[0m
[0mGET /shopThemes/directives/shopHeader.js [36m304 [0m26.204 ms - -[0m
[0mGET /shopThemes/routes/shopThemes.js [36m304 [0m11.258 ms - -[0m
[0mGET /shopUser/controllers/shopUserLogoutController.js [36m304 [0m10.741 ms - -[0m
[0mGET /shopThemes/controllers/shopThemes.js [36m304 [0m10.385 ms - -[0m
[0mGET /shopUser/controllers/shopUserPasswordController.js [36m304 [0m5.549 ms - -[0m
[0mGET /shopUser/controllers/shopUserLoginController.js [36m304 [0m10.533 ms - -[0m
[0mGET /shopUser/controllers/shopUserRegistrationController.js [36m304 [0m4.603 ms - -[0m
[0mGET /shopUser/directives/shopUserProfileAddress.js [36m304 [0m7.058 ms - -[0m
[0mGET /shopUser/directives/shopUserProfile.js [36m304 [0m10.483 ms - -[0m
[0mGET /shopUser/services/shopuser.js [36m304 [0m2.564 ms - -[0m
[0mGET /shopUser/directives/shopUserProfileGeneral.js [36m304 [0m8.305 ms - -[0m
[0mGET /shopUser/routes/shopUser.js [36m304 [0m8.407 ms - -[0m
[0mGET /shopWeb/controllers/shopWeb.js [36m304 [0m5.341 ms - -[0m
[0mGET /shopWeb/routes/shopWeb.js [36m304 [0m13.169 ms - -[0m
[0mGET /shopThemes/assets/lib/scrollup/src/jquery.scrollUp.js [36m304 [0m83.344 ms - -[0m
[0mGET /shopWeb/services/shopWeb.js [36m304 [0m80.916 ms - -[0m
[0mGET /shopThemes/assets/lib/jquery-prettyPhoto/js/jquery.prettyPhoto.js [36m304 [0m80.276 ms - -[0m
[0mGET /shopThemes/assets/lib/bower-bootstrap-slider/js/bootstrap-slider.js [36m304 [0m72.506 ms - -[0m
[0mGET /shopThemes/assets/js/shopThemes.js [36m304 [0m70.985 ms - -[0m
[0mGET /_getModules [36m304 [0m1.562 ms - -[0m
[0mGET /shopThemes/views/header.html [36m304 [0m1.594 ms - -[0m
[0mGET /shopThemes/views/footer.html [36m304 [0m1.257 ms - -[0m
[0mGET /shopWeb/views/index.html [36m304 [0m1.255 ms - -[0m
[0mGET /shopThemes/assets/img/home/logo.png [36m304 [0m5.567 ms - -[0m
[0mGET /shopCatalog/views/mini-cart.html [36m304 [0m29.101 ms - -[0m
[0mGET /shopThemes/assets/img/home/iframe2.png [36m304 [0m32.459 ms - -[0m
[0mGET /shopThemes/assets/img/home/iframe1.png [36m304 [0m32.879 ms - -[0m
[0mGET /shopThemes/assets/img/home/iframe3.png [36m304 [0m8.870 ms - -[0m
[0mGET /api/cart [31m500 [0m45.068 ms - -[0m
[0mGET /shopThemes/assets/img/home/iframe4.png [36m304 [0m17.666 ms - -[0m
[0mGET /shopSlider/views/shop-slider-container.html [36m304 [0m20.089 ms - -[0m
[0mGET /shopThemes/assets/img/home/searchicon.png [36m304 [0m13.761 ms - -[0m
[0mGET /shopThemes/assets/img/home/map.png [36m304 [0m14.257 ms - -[0m
[0mGET /shopCategory/views/shop-product-price-range.html [36m304 [0m13.980 ms - -[0m
[0mGET /shopCategory/views/shop-category-accordion.html [36m304 [0m9.840 ms - -[0m
[0mGET /shopCategory/views/shop-category-brands.html [36m304 [0m9.511 ms - -[0m
[0mGET /shopCategory/views/shop-free-shipping-worldwide-ad.html [36m304 [0m10.824 ms - -[0m
[0mGET /shopProduct/views/shop-product-tabbed-item.html [36m304 [0m11.466 ms - -[0m
[0mGET /shopProduct/views/shop-product-featured-item.html [36m304 [0m11.632 ms - -[0m
[0mGET /shopProduct/views/shop-product-recommended-item.html [36m304 [0m6.297 ms - -[0m
[0mGET /shopThemes/assets/img/home/girl3.jpg [36m304 [0m8.447 ms - -[0m
[0mGET /shopThemes/assets/img/home/girl2.jpg [36m304 [0m10.671 ms - -[0m
[0mGET /shopThemes/assets/img/home/pricing.png [36m304 [0m16.471 ms - -[0m
[0mGET /shopThemes/assets/img/home/girl1.jpg [36m304 [0m16.813 ms - -[0m
[0mGET /shopCategory/assets/img/home/shipping.jpg [36m304 [0m37.291 ms - -[0m
[0mGET /shopThemes/assets/img/home/gallery1.jpg [36m304 [0m22.401 ms - -[0m
[0mGET /shopThemes/assets/img/home/product1.jpg [36m304 [0m8.508 ms - -[0m
[0mGET /shopThemes/assets/img/home/gallery2.jpg [36m304 [0m23.164 ms - -[0m
[0mGET /shopThemes/assets/img/home/gallery3.jpg [36m304 [0m20.481 ms - -[0m
[0mGET /shopThemes/assets/img/home/gallery4.jpg [36m304 [0m20.272 ms - -[0m
[0mGET /api/categories [32m200 [0m68.588 ms - -[0m
[0mGET /shopThemes/assets/img/home/product2.jpg [36m304 [0m7.276 ms - -[0m
[0mGET /shopThemes/assets/img/home/product4.jpg [36m304 [0m17.746 ms - -[0m
[0mGET /shopThemes/assets/img/home/new.png [36m304 [0m10.145 ms - -[0m
[0mGET /shopThemes/assets/img/home/product3.jpg [36m304 [0m15.090 ms - -[0m
[0mGET /shopThemes/assets/img/home/product6.jpg [36m304 [0m15.149 ms - -[0m
[0mGET /shopThemes/assets/img/home/product5.jpg [36m304 [0m18.862 ms - -[0m
[0mGET /shopThemes/assets/img/home/sale.png [36m304 [0m19.683 ms - -[0m
[0mGET /shopThemes/assets/img/home/recommend1.jpg [36m304 [0m14.877 ms - -[0m
[0mGET /shopThemes/assets/img/home/recommend2.jpg [36m304 [0m5.887 ms - -[0m
[0mGET /shopThemes/assets/img/home/recommend3.jpg [36m304 [0m5.042 ms - -[0m
[0mGET /shopWeb/views/master.html [32m200 [0m6.763 ms - 594[0m
[0mGET /shopCategory/views/shop-category-product-list.html [32m200 [0m9.812 ms - -[0m
[0mGET /api/categories/sportswear [32m200 [0m13.148 ms - 256[0m
[0mGET /api/products?currentPage=1&orderBy=name&pageSize=6&slug=sportswear [32m200 [0m53.380 ms - -[0m
[0mGET /api/categories [36m304 [0m9.265 ms - -[0m
[0mGET /api/products/photos/557992ad24f4bdf02431f9a8 [32m200 [0m14.230 ms - -[0m
[0mGET /api/products/photos/557992ad24f4bdf02431f9b6 [32m200 [0m5.621 ms - -[0m
[0mGET /api/products/photos/557992ad24f4bdf02431f9b9 [32m200 [0m9.559 ms - -[0m
[0mGET /api/products/photos/557992ad24f4bdf02431f98a [32m200 [0m35.408 ms - -[0m
[0mGET /api/products/photos/557992ad24f4bdf02431f97e [32m200 [0m23.684 ms - -[0m
[0mGET /api/products/photos/557992ad24f4bdf02431f9ad [32m200 [0m10.131 ms - -[0m
[0mGET /api/categories/nike [32m200 [0m5.049 ms - 340[0m
[0mGET /api/products?currentPage=1&orderBy=name&pageSize=6&slug=nike [32m200 [0m21.500 ms - -[0m
[0mGET /api/products/photos/557992ad24f4bdf02431f9ae [32m200 [0m3.680 ms - -[0m
[0mGET /api/products/photos/557992ad24f4bdf02431f9b1 [32m200 [0m5.386 ms - -[0m
[0mGET /api/categories/adidas [32m200 [0m9.063 ms - 344[0m
[0mGET /api/products?currentPage=1&orderBy=name&pageSize=6&slug=adidas [32m200 [0m25.514 ms - -[0m
[0mGET /api/products/photos/557992ad24f4bdf02431f984 [32m200 [0m9.911 ms - -[0m
[0mGET /api/products/photos/557992ad24f4bdf02431f978 [32m200 [0m4.480 ms - -[0m
[0mGET /api/products/photos/557992ad24f4bdf02431f990 [32m200 [0m3.516 ms - -[0m
[0mGET /api/products/photos/557992ad24f4bdf02431f996 [32m200 [0m8.234 ms - -[0m
[0mGET /api/categories/sportswear [36m304 [0m88.709 ms - -[0m
[0mGET /api/products?currentPage=1&orderBy=name&pageSize=6&slug=sportswear [36m304 [0m89.105 ms - -[0m
[0mGET /api/products/photos/557992ad24f4bdf02431f9a8 [32m200 [0m38.594 ms - -[0m
[0mGET /api/products/photos/557992ad24f4bdf02431f9ad [32m200 [0m31.967 ms - -[0m
[0mGET /api/products/photos/557992ad24f4bdf02431f9b6 [32m200 [0m38.263 ms - -[0m
[0mGET /api/products/photos/557992ad24f4bdf02431f9b9 [32m200 [0m33.881 ms - -[0m
[0mGET /api/products?currentPage=1&orderBy=name&pageSize=6&slug=sportswear [36m304 [0m25.414 ms - -[0m
[0mGET /api/products?currentPage=1&orderBy=publishDate&pageSize=6&slug=sportswear [32m200 [0m25.598 ms - -[0m
[0mGET /api/products/photos/557992ad24f4bdf02431f9a2 [32m200 [0m3.635 ms - -[0m
[0mGET /api/products?currentPage=1&orderBy=publishDate&pageSize=9&slug=sportswear [32m200 [0m44.573 ms - -[0m
[0mGET /api/products/photos/557992ad24f4bdf02431f99c [32m200 [0m5.019 ms - -[0m
[0mGET /api/products?currentPage=1&orderBy=publishDate&pageSize=6&slug=sportswear [36m304 [0m34.946 ms - -[0m
[0mGET /api/products?currentPage=1&orderBy=publishDate&pageSize=9&slug=sportswear [36m304 [0m23.289 ms - -[0m
[0mGET /api/products?currentPage=1&orderBy=publishDate&pageSize=12&slug=sportswear [32m200 [0m37.985 ms - -[0m
[0mGET /api/products/photos/557992ad24f4bdf02431f9b1 [32m200 [0m6.902 ms - -[0m
[0mGET /api/products/photos/557992ad24f4bdf02431f9ae [32m200 [0m10.695 ms - -[0m
[0mGET /api/products?currentPage=1&orderBy=publishDate&pageSize=6&slug=sportswear [36m304 [0m34.261 ms - -[0m
[0mGET /admin [36m304 [0m6.319 ms - -[0m
[0mGET /bower_components/textAngular/dist/textAngular-rangy.min.js [36m304 [0m1.826 ms - -[0m
[0mGET /bower_components/textAngular/dist/textAngular-sanitize.min.js [36m304 [0m1.666 ms - -[0m
[0mGET /bower_components/ng-file-upload/ng-file-upload.min.js [36m304 [0m26.502 ms - -[0m
[0mGET /bower_components/textAngular/dist/textAngular.min.js [36m304 [0m31.259 ms - -[0m
[0mGET /system/routes/system.js [36m304 [0m9.575 ms - -[0m
[0mGET /bower_components/ng-file-upload/ng-file-upload-shim.min.js [36m304 [0m32.086 ms - -[0m
[0mGET /system/system.js [36m304 [0m36.123 ms - -[0m
[0mGET /system/services/global.js [36m304 [0m35.216 ms - -[0m
[0mGET /system/services/interceptor.js [36m304 [0m23.565 ms - -[0m
[0mGET /bower_components/textAngular/src/textAngular.css [36m304 [0m16.605 ms - -[0m
[0mGET /bower_components/jstree/dist/themes/default/style.min.css [36m304 [0m13.636 ms - -[0m
[0mGET /shopThemes/assets/css/layout-admin.css [36m304 [0m15.529 ms - -[0m
[0mGET /shopThemes/assets/lib/font-awesome/css/font-awesome.min.css [36m304 [0m19.277 ms - -[0m
[0mGET /shopThemes/assets/lib/metisMenu/src/metisMenu.css [36m304 [0m21.545 ms - -[0m
[0mGET /shopThemes/assets/lib/morrisjs/morris.css [36m304 [0m15.180 ms - -[0m
[0mGET /shopAdmin/assets/css/shop-admin-form.css [36m304 [0m9.499 ms - -[0m
[0mGET /shopAdmin/assets/css/shop-admin.css [36m304 [0m27.068 ms - -[0m
[0mGET /bower_components/jquery/dist/jquery.min.js [36m304 [0m31.054 ms - -[0m
[0mGET /bower_components/angular-mocks/angular-mocks.js [36m304 [0m15.151 ms - -[0m
[0mGET /bower_components/angular/angular.min.js [36m304 [0m16.351 ms - -[0m
[0mGET /bower_components/angular-cookies/angular-cookies.min.js [36m304 [0m15.173 ms - -[0m
[0mGET /bower_components/angular-ui-router/release/angular-ui-router.min.js [36m304 [0m11.691 ms - -[0m
[0mGET /bower_components/angular-resource/angular-resource.min.js [36m304 [0m12.912 ms - -[0m
[0mGET /bower_components/angular-bootstrap/ui-bootstrap-tpls.js [36m304 [0m10.757 ms - -[0m
[0mGET /shopThemes/assets/js/shopThemeAdmin.js [36m304 [0m20.879 ms - -[0m
[0mGET /bower_components/web-bootstrap/index.js [36m304 [0m17.975 ms - -[0m
[0mGET /bower_components/jstree/dist/jstree.min.js [36m304 [0m14.992 ms - -[0m
[0mGET /bower_components/bootstrap/dist/js/bootstrap.min.js [36m304 [0m10.553 ms - -[0m
[0mGET /shopThemes/assets/lib/metisMenu/src/metisMenu.js [36m304 [0m12.232 ms - -[0m
[0mGET /shopAdmin/assets/js/shopAdmin.js [36m304 [0m8.744 ms - -[0m
[0mGET /shopAdmin/assets/js/directives/questionMark.js [36m304 [0m65.214 ms - -[0m
[0mGET /shopAdmin/assets/js/routes/category.js [36m304 [0m63.162 ms - -[0m
[0mGET /shopAdmin/assets/js/routes/user.js [36m304 [0m19.614 ms - -[0m
[0mGET /shopAdmin/assets/js/directives/shopAdminSideMenu.js [36m304 [0m20.142 ms - -[0m
[0mGET /shopAdmin/assets/js/directives/shopAdminCategoryTree.js [36m304 [0m19.713 ms - -[0m
[0mGET /shopAdmin/assets/js/directives/paginatedTable.js [36m304 [0m6.442 ms - -[0m
[0mGET /shopAdmin/assets/js/directives/category/tabCategoryDiscounts.js [36m304 [0m11.980 ms - -[0m
[0mGET /shopAdmin/assets/js/directives/category/tabCategoryAcl.js [36m304 [0m21.903 ms - -[0m
[0mGET /shopAdmin/assets/js/directives/category/tabCategorySeo.js [36m304 [0m12.754 ms - -[0m
[0mGET /shopAdmin/assets/js/directives/category/tabCategoryInfo.js [36m304 [0m16.836 ms - -[0m
[0mGET /shopAdmin/assets/js/directives/category/tabCategoryStores.js [36m304 [0m11.414 ms - -[0m
[0mGET /shopAdmin/assets/js/directives/category/tabCategoryProducts.js [36m304 [0m17.789 ms - -[0m
[0mGET /shopAdmin/assets/js/controllers/loginController.js [36m304 [0m13.933 ms - -[0m
[0mGET /shopAdmin/assets/js/controllers/registrationController.js [36m304 [0m6.994 ms - -[0m
[0mGET /shopAdmin/assets/js/controllers/category/listController.js [36m304 [0m13.816 ms - -[0m
[0mGET /shopAdmin/assets/js/controllers/dashboardController.js [36m304 [0m14.797 ms - -[0m
[0mGET /shopAdmin/assets/js/controllers/category/createUpdateController.js [36m304 [0m17.209 ms - -[0m
[0mGET /shopAdmin/assets/js/controllers/category/treeController.js [36m304 [0m17.531 ms - -[0m
[0mGET /shopAdmin/assets/js/controllers/category/editController.js [36m304 [0m16.076 ms - -[0m
[0mGET /shopAdmin/assets/js/controllers/user/userListController.js [36m304 [0m11.944 ms - -[0m
[0mGET /shopAdmin/assets/js/services/userService.js [36m304 [0m6.821 ms - -[0m
[0mGET /shopAdmin/assets/js/controllers/user/userCreateController.js [36m304 [0m4.010 ms - -[0m
[0mGET /shopAdmin/assets/js/controllers/user/userEditController.js [36m304 [0m5.303 ms - -[0m
[0mGET /_getModules [36m304 [0m4.297 ms - -[0m
[0mGET /shopThemes/views/header-admin.html [36m304 [0m5.088 ms - -[0m
[0mGET /shopAdmin/views/anonymous.html [36m304 [0m2.190 ms - -[0m
[0mGET /shopAdmin/views/side-menu.html [36m304 [0m6.711 ms - -[0m
[0mGET /shopAdmin/views/login-modal.html [36m304 [0m8.418 ms - -[0m
[0mGET /shopAdmin/views/registration-modal.html [33m404 [0m10.249 ms - -[0m
[0mGET /shopAdmin/views/registration-modal.html [33m404 [0m5.228 ms - -[0m
[0mGET / [36m304 [0m4.339 ms - -[0m
[0mGET /system/system.js [36m304 [0m2.073 ms - -[0m
[0mGET /system/routes/system.js [36m304 [0m1.993 ms - -[0m
[0mGET /system/services/global.js [36m304 [0m2.026 ms - -[0m
[0mGET /system/services/interceptor.js [36m304 [0m1.482 ms - -[0m
[0mGET /shopThemes/assets/lib/scrollup/src/jquery.scrollUp.js [36m304 [0m1.396 ms - -[0m
[0mGET /bower_components/textAngular/dist/textAngular-rangy.min.js [36m304 [0m2.115 ms - -[0m
[0mGET /bower_components/textAngular/dist/textAngular-sanitize.min.js [36m304 [0m8.429 ms - -[0m
[0mGET /bower_components/textAngular/dist/textAngular.min.js [36m304 [0m13.735 ms - -[0m
[0mGET /bower_components/ng-file-upload/ng-file-upload.min.js [36m304 [0m12.017 ms - -[0m
[0mGET /bower_components/ng-file-upload/ng-file-upload-shim.min.js [36m304 [0m10.946 ms - -[0m
[0mGET /system/assets/css/common.css [36m304 [0m6.301 ms - -[0m
[0mGET /theme/assets/css/loginForms.css [36m304 [0m6.079 ms - -[0m
[0mGET /theme/assets/css/theme.css [36m304 [0m8.074 ms - -[0m
[0mGET /shopThemes/assets/lib/e-shopper/css/responsive.css [36m304 [0m6.692 ms - -[0m
[0mGET /shopWeb/assets/css/shopWeb.css [36m304 [0m5.844 ms - -[0m
[0mGET /articles/assets/css/articles.css [36m304 [0m7.174 ms - -[0m
[0mGET /shopThemes/assets/lib/e-shopper/css/main.css [36m304 [0m11.799 ms - -[0m
[0mGET /shopThemes/assets/lib/seiyria-bootstrap-slider/css/bootstrap-slider.css [36m304 [0m21.696 ms - -[0m
[0mGET /shopThemes/assets/lib/font-awesome/css/font-awesome.css [36m304 [0m21.872 ms - -[0m
[0mGET /shopThemes/assets/lib/animate.css/animate.css [36m304 [0m12.475 ms - -[0m
[0mGET /shopThemes/assets/lib/jquery-prettyPhoto/css/prettyPhoto.css [36m304 [0m17.001 ms - -[0m
[0mGET /shopThemes/assets/css/shopThemes.css [36m304 [0m18.216 ms - -[0m
[0mGET /shopCore/assets/css/shopCore.css [36m304 [0m20.931 ms - -[0m
[0mGET /shopUser/assets/css/shopUser.css [36m304 [0m14.407 ms - -[0m
[0mGET /shopSlider/assets/css/shopSlider.css [36m304 [0m11.674 ms - -[0m
[0mGET /shopCategory/assets/css/shopCategory.css [36m304 [0m13.427 ms - -[0m
[0mGET /bower_components/jquery/dist/jquery.min.js?s0a91du0udi [36m304 [0m13.463 ms - -[0m
[0mGET /shopProduct/assets/css/shopProduct.css [36m304 [0m12.512 ms - -[0m
[0mGET /bower_components/angular/angular.min.js?s0a91du0udi [36m304 [0m12.949 ms - -[0m
[0mGET /bower_components/angular-mocks/angular-mocks.js?s0a91du0udi [36m304 [0m12.527 ms - -[0m
[0mGET /bower_components/angular-cookies/angular-cookies.min.js?s0a91du0udi [36m304 [0m11.411 ms - -[0m
[0mGET /bower_components/angular-bootstrap/ui-bootstrap-tpls.js?s0a91du0udi [36m304 [0m10.210 ms - -[0m
[0mGET /bower_components/angular-ui-router/release/angular-ui-router.min.js?s0a91du0udi [36m304 [0m9.116 ms - -[0m
[0mGET /bower_components/angular-resource/angular-resource.min.js?s0a91du0udi [36m304 [0m12.257 ms - -[0m
[0mGET /shopThemes/shopThemes.js [36m304 [0m13.896 ms - -[0m
[0mGET /bower_components/web-bootstrap/index.js?s0a91du0udi [36m304 [0m16.430 ms - -[0m
[0mGET /bower_components/lodash/lodash.js?s0a91du0udi [36m304 [0m15.930 ms - -[0m
[0mGET /articles/routes/articles.js [36m304 [0m16.967 ms - -[0m
[0mGET /shopWeb/shopWeb.js [36m304 [0m14.565 ms - -[0m
[0mGET /articles/controllers/articles.js [36m304 [0m14.109 ms - -[0m
[0mGET /system/controllers/index.js [36m304 [0m16.665 ms - -[0m
[0mGET /articles/services/articles.js [36m304 [0m16.153 ms - -[0m
[0mGET /system/controllers/header.js [36m304 [0m14.842 ms - -[0m
[0mGET /system/services/menus.js [36m304 [0m15.018 ms - -[0m
[0mGET /theme/controllers/theme.js [36m304 [0m15.116 ms - -[0m
[0mGET /theme/services/theme.js [36m304 [0m12.608 ms - -[0m
[0mGET /users/routes/auth.js [36m304 [0m16.384 ms - -[0m
[0mGET /users/controllers/meanUser.js [36m304 [0m11.633 ms - -[0m
[0mGET /theme/routes/theme.js [36m304 [0m13.716 ms - -[0m
[0mGET /users/services/meanUser.js [36m304 [0m12.106 ms - -[0m
[0mGET /shopCatalog/directives/miniCart.js [36m304 [0m21.470 ms - -[0m
[0mGET /shopCatalog/controllers/checkoutController.js [36m304 [0m18.007 ms - -[0m
[0mGET /shopCatalog/services/cartService.js [36m304 [0m12.204 ms - -[0m
[0mGET /shopCatalog/routes/checkoutRoute.js [36m304 [0m15.848 ms - -[0m
[0mGET /shopCatalog/models/cart.js [36m304 [0m15.319 ms - -[0m
[0mGET /shopCategory/controllers/shopCategory.js [36m304 [0m27.423 ms - -[0m
[0mGET /shopCategory/directives/shopCategoryAccordion.js [36m304 [0m21.163 ms - -[0m
[0mGET /shopCategory/directives/shopCategoryBrands.js [36m304 [0m19.004 ms - -[0m
[0mGET /shopCategory/routes/shopCategory.js [36m304 [0m15.663 ms - -[0m
[0mGET /shopCategory/directives/shopFreeShippingWorldwideAd.js [36m304 [0m12.019 ms - -[0m
[0mGET /shopCategory/directives/shopProductPriceRange.js [36m304 [0m13.666 ms - -[0m
[0mGET /shopCategory/services/shopCategory.js [36m304 [0m19.759 ms - -[0m
[0mGET /shopCore/routes/shopCore.js [36m304 [0m16.767 ms - -[0m
[0mGET /shopCore/controllers/shopCore.js [36m304 [0m21.080 ms - -[0m
[0mGET /shopCore/services/shopCore.js [36m304 [0m5.356 ms - -[0m
[0mGET /shopProduct/directives/shopProductFeaturedItem.js [36m304 [0m12.291 ms - -[0m
[0mGET /shopProduct/controllers/shopProduct.js [36m304 [0m26.074 ms - -[0m
[0mGET /shopProduct/routes/shopProduct.js [36m304 [0m13.611 ms - -[0m
[0mGET /shopProduct/services/shopProduct.js [36m304 [0m19.857 ms - -[0m
[0mGET /shopProduct/directives/shopProductRecommendedItem.js [36m304 [0m18.163 ms - -[0m
[0mGET /shopProduct/directives/shopProductTabbedItem.js [36m304 [0m13.461 ms - -[0m
[0mGET /shopSlider/directives/shopSliderContainer.js [36m304 [0m12.281 ms - -[0m
[0mGET /shopSlider/routes/shopSlider.js [36m304 [0m25.323 ms - -[0m
[0mGET /shopSlider/controllers/shopSlider.js [36m304 [0m24.351 ms - -[0m
[0mGET /shopThemes/services/shopThemes.js [36m304 [0m16.767 ms - -[0m
[0mGET /shopSlider/services/shopSlider.js [36m304 [0m17.625 ms - -[0m
[0mGET /shopThemes/directives/shopHeader.js [36m304 [0m13.270 ms - -[0m
[0mGET /shopThemes/routes/shopThemes.js [36m304 [0m19.883 ms - -[0m
[0mGET /shopThemes/controllers/shopThemes.js [36m304 [0m17.488 ms - -[0m
[0mGET /shopUser/controllers/shopUserLoginController.js [36m304 [0m18.580 ms - -[0m
[0mGET /shopUser/controllers/shopUserLogoutController.js [36m304 [0m17.557 ms - -[0m
[0mGET /shopUser/controllers/shopUserPasswordController.js [36m304 [0m26.125 ms - -[0m
[0mGET /shopUser/controllers/shopUserRegistrationController.js [36m304 [0m21.853 ms - -[0m
[0mGET /shopUser/directives/shopUserProfile.js [36m304 [0m17.136 ms - -[0m
[0mGET /shopUser/directives/shopUserProfileAddress.js [36m304 [0m17.263 ms - -[0m
[0mGET /shopUser/routes/shopUser.js [36m304 [0m21.530 ms - -[0m
[0mGET /shopUser/directives/shopUserProfileGeneral.js [36m304 [0m23.002 ms - -[0m
[0mGET /shopUser/services/shopuser.js [36m304 [0m22.318 ms - -[0m
[0mGET /shopWeb/routes/shopWeb.js [36m304 [0m18.151 ms - -[0m
[0mGET /shopWeb/controllers/shopWeb.js [36m304 [0m17.986 ms - -[0m
[0mGET /shopWeb/services/shopWeb.js [36m304 [0m13.196 ms - -[0m
[0mGET /shopThemes/assets/lib/bower-bootstrap-slider/js/bootstrap-slider.js [36m304 [0m12.225 ms - -[0m
[0mGET /shopThemes/assets/lib/jquery-prettyPhoto/js/jquery.prettyPhoto.js [36m304 [0m9.391 ms - -[0m
[0mGET /shopThemes/assets/js/shopThemes.js [36m304 [0m4.424 ms - -[0m
[0mGET /_getModules [36m304 [0m6.634 ms - -[0m
[0mGET /shopThemes/views/header.html [36m304 [0m2.742 ms - -[0m
[0mGET /shopThemes/views/footer.html [36m304 [0m1.804 ms - -[0m
[0mGET /shopWeb/views/index.html [36m304 [0m5.591 ms - -[0m
[0mGET /shopThemes/assets/img/home/iframe1.png [36m304 [0m45.387 ms - -[0m
[0mGET /shopThemes/assets/img/home/map.png [36m304 [0m31.133 ms - -[0m
[0mGET /shopThemes/assets/img/home/logo.png [36m304 [0m43.636 ms - -[0m
[0mGET /shopThemes/assets/img/home/iframe2.png [36m304 [0m42.966 ms - -[0m
[0mGET /shopThemes/assets/img/home/iframe3.png [36m304 [0m35.201 ms - -[0m
[0mGET /shopThemes/assets/img/home/iframe4.png [36m304 [0m34.367 ms - -[0m
[0mGET /shopCategory/views/shop-product-price-range.html [36m304 [0m52.766 ms - -[0m
[0mGET /shopCatalog/views/mini-cart.html [36m304 [0m52.369 ms - -[0m
[0mGET /shopSlider/views/shop-slider-container.html [36m304 [0m51.380 ms - -[0m
[0mGET /shopCategory/views/shop-category-accordion.html [36m304 [0m50.682 ms - -[0m
[0mGET /shopCategory/views/shop-category-brands.html [36m304 [0m49.971 ms - -[0m
[0mGET /api/cart [31m500 [0m68.614 ms - -[0m
[0mGET /shopThemes/assets/img/home/searchicon.png [36m304 [0m14.118 ms - -[0m
[0mGET /shopCategory/views/shop-free-shipping-worldwide-ad.html [36m304 [0m13.699 ms - -[0m
[0mGET /shopProduct/views/shop-product-featured-item.html [36m304 [0m13.397 ms - -[0m
[0mGET /shopProduct/views/shop-product-tabbed-item.html [36m304 [0m13.250 ms - -[0m
[0mGET /shopProduct/views/shop-product-recommended-item.html [36m304 [0m13.048 ms - -[0m
[0mGET /shopThemes/assets/img/home/girl1.jpg [36m304 [0m8.699 ms - -[0m
[0mGET /shopThemes/assets/img/home/pricing.png [36m304 [0m7.682 ms - -[0m
[0mGET /shopThemes/assets/img/home/girl2.jpg [36m304 [0m11.552 ms - -[0m
[0mGET /shopThemes/assets/img/home/girl3.jpg [36m304 [0m13.629 ms - -[0m
[0mGET /shopCategory/assets/img/home/shipping.jpg [36m304 [0m3.871 ms - -[0m
[0mGET /api/categories [36m304 [0m45.682 ms - -[0m
[0mGET /shopThemes/assets/img/home/product1.jpg [36m304 [0m22.837 ms - -[0m
[0mGET /shopThemes/assets/img/home/product2.jpg [36m304 [0m24.495 ms - -[0m
[0mGET /shopThemes/assets/img/home/product3.jpg [36m304 [0m25.348 ms - -[0m
[0mGET /shopThemes/assets/img/home/product4.jpg [36m304 [0m25.047 ms - -[0m
[0mGET /shopThemes/assets/img/home/product5.jpg [36m304 [0m12.000 ms - -[0m
[0mGET /shopThemes/assets/img/home/new.png [36m304 [0m24.651 ms - -[0m
[0mGET /shopThemes/assets/img/home/product6.jpg [36m304 [0m26.243 ms - -[0m
[0mGET /shopThemes/assets/img/home/sale.png [36m304 [0m21.798 ms - -[0m
[0mGET /shopThemes/assets/img/home/gallery1.jpg [36m304 [0m7.703 ms - -[0m
[0mGET /shopThemes/assets/img/home/gallery3.jpg [36m304 [0m18.857 ms - -[0m
[0mGET /shopThemes/assets/img/home/gallery2.jpg [36m304 [0m23.288 ms - -[0m
[0mGET /shopThemes/assets/img/home/gallery4.jpg [36m304 [0m13.532 ms - -[0m
[0mGET /shopThemes/assets/img/home/recommend1.jpg [36m304 [0m17.749 ms - -[0m
[0mGET /shopThemes/assets/img/home/recommend3.jpg [36m304 [0m14.742 ms - -[0m
[0mGET /shopThemes/assets/img/home/recommend2.jpg [36m304 [0m7.102 ms - -[0m
[0mGET /loggedin [32m200 [0m2.099 ms - 1[0m
[0mGET /shopUser/views/index.html [32m200 [0m5.977 ms - 48[0m
[0mGET /shopUser/views/login.html [32m200 [0m3.033 ms - -[0m
[0mGET /theme/assets/fonts/opensanshebrew-regular.woff [32m200 [0m3.055 ms - 19196[0m
[0mGET /loggedin [36m304 [0m1.996 ms - -[0m
[0mGET /shopUser/views/register.html [32m200 [0m3.765 ms - -[0m
[0mPOST /auth/register [32m200 [0m122.190 ms - 35[0m
[0mGET / [32m200 [0m4.445 ms - -[0m
[0mGET /api/categories [36m304 [0m4.768 ms - -[0m
[0mGET /admin [32m200 [0m2.827 ms - -[0m
[0mGET /bower_components/textAngular/dist/textAngular-rangy.min.js [36m304 [0m9.808 ms - -[0m
[0mGET /bower_components/textAngular/dist/textAngular-sanitize.min.js [36m304 [0m7.968 ms - -[0m
[0mGET /bower_components/textAngular/dist/textAngular.min.js [36m304 [0m10.974 ms - -[0m
[0mGET /bower_components/ng-file-upload/ng-file-upload.min.js [36m304 [0m16.111 ms - -[0m
[0mGET /bower_components/ng-file-upload/ng-file-upload-shim.min.js [36m304 [0m19.829 ms - -[0m
[0mGET /system/system.js [36m304 [0m4.753 ms - -[0m
[0mGET /system/routes/system.js [36m304 [0m4.277 ms - -[0m
[0mGET /system/services/global.js [36m304 [0m4.010 ms - -[0m
[0mGET /system/services/interceptor.js [36m304 [0m2.255 ms - -[0m
[0mGET /bower_components/jstree/dist/themes/default/style.min.css [36m304 [0m29.700 ms - -[0m
[0mGET /bower_components/textAngular/src/textAngular.css [36m304 [0m29.634 ms - -[0m
[0mGET /shopThemes/assets/css/layout-admin.css [36m304 [0m7.375 ms - -[0m
[0mGET /shopThemes/assets/lib/font-awesome/css/font-awesome.min.css [36m304 [0m14.240 ms - -[0m
[0mGET /shopThemes/assets/lib/metisMenu/src/metisMenu.css [36m304 [0m16.585 ms - -[0m
[0mGET /shopAdmin/assets/css/shop-admin-form.css [36m304 [0m7.674 ms - -[0m
[0mGET /shopThemes/assets/lib/morrisjs/morris.css [36m304 [0m15.630 ms - -[0m
[0mGET /shopAdmin/assets/css/shop-admin.css [36m304 [0m16.394 ms - -[0m
[0mGET /bower_components/jquery/dist/jquery.min.js [36m304 [0m41.286 ms - -[0m
[0mGET /bower_components/angular/angular.min.js [36m304 [0m54.015 ms - -[0m
[0mGET /bower_components/angular-mocks/angular-mocks.js [36m304 [0m40.686 ms - -[0m
[0mGET /bower_components/angular-cookies/angular-cookies.min.js [36m304 [0m43.103 ms - -[0m
[0mGET /bower_components/angular-resource/angular-resource.min.js [36m304 [0m36.884 ms - -[0m
[0mGET /bower_components/angular-ui-router/release/angular-ui-router.min.js [36m304 [0m27.017 ms - -[0m
[0mGET /bower_components/angular-bootstrap/ui-bootstrap-tpls.js [36m304 [0m26.082 ms - -[0m
[0mGET /bower_components/web-bootstrap/index.js [36m304 [0m23.828 ms - -[0m
[0mGET /bower_components/jstree/dist/jstree.min.js [36m304 [0m24.578 ms - -[0m
[0mGET /shopThemes/assets/lib/metisMenu/src/metisMenu.js [36m304 [0m10.289 ms - -[0m
[0mGET /shopThemes/assets/js/shopThemeAdmin.js [36m304 [0m6.742 ms - -[0m
[0mGET /bower_components/bootstrap/dist/js/bootstrap.min.js [36m304 [0m28.467 ms - -[0m
[0mGET /shopAdmin/assets/js/shopAdmin.js [36m304 [0m11.146 ms - -[0m
[0mGET /shopAdmin/assets/js/routes/category.js [36m304 [0m8.652 ms - -[0m
[0mGET /shopAdmin/assets/js/routes/user.js [36m304 [0m14.574 ms - -[0m
[0mGET /shopAdmin/assets/js/directives/shopAdminSideMenu.js [36m304 [0m19.227 ms - -[0m
[0mGET /shopAdmin/assets/js/directives/shopAdminCategoryTree.js [36m304 [0m13.251 ms - -[0m
[0mGET /shopAdmin/assets/js/directives/questionMark.js [36m304 [0m7.606 ms - -[0m
[0mGET /shopAdmin/assets/js/directives/paginatedTable.js [36m304 [0m14.159 ms - -[0m
[0mGET /shopAdmin/assets/js/directives/category/tabCategoryAcl.js [36m304 [0m18.661 ms - -[0m
[0mGET /shopAdmin/assets/js/directives/category/tabCategoryDiscounts.js [36m304 [0m17.823 ms - -[0m
[0mGET /shopAdmin/assets/js/directives/category/tabCategoryInfo.js [36m304 [0m14.201 ms - -[0m
[0mGET /shopAdmin/assets/js/directives/category/tabCategoryProducts.js [36m304 [0m6.855 ms - -[0m
[0mGET /shopAdmin/assets/js/directives/category/tabCategorySeo.js [36m304 [0m6.484 ms - -[0m
[0mGET /shopAdmin/assets/js/directives/category/tabCategoryStores.js [36m304 [0m21.369 ms - -[0m
[0mGET /shopAdmin/assets/js/controllers/loginController.js [36m304 [0m16.932 ms - -[0m
[0mGET /shopAdmin/assets/js/controllers/registrationController.js [36m304 [0m10.152 ms - -[0m
[0mGET /shopAdmin/assets/js/controllers/dashboardController.js [36m304 [0m16.175 ms - -[0m
[0mGET /shopAdmin/assets/js/controllers/category/createUpdateController.js [36m304 [0m6.838 ms - -[0m
[0mGET /shopAdmin/assets/js/controllers/category/listController.js [36m304 [0m7.252 ms - -[0m
[0mGET /shopAdmin/assets/js/controllers/category/treeController.js [36m304 [0m8.592 ms - -[0m
[0mGET /shopAdmin/assets/js/controllers/category/editController.js [36m304 [0m9.300 ms - -[0m
[0mGET /shopAdmin/assets/js/controllers/user/userListController.js [36m304 [0m7.479 ms - -[0m
[0mGET /shopAdmin/assets/js/controllers/user/userEditController.js [36m304 [0m10.411 ms - -[0m
[0mGET /shopAdmin/assets/js/controllers/user/userCreateController.js [36m304 [0m8.241 ms - -[0m
[0mGET /shopAdmin/assets/js/services/userService.js [36m304 [0m4.785 ms - -[0m
[0mGET /_getModules [36m304 [0m2.973 ms - -[0m
[0mGET /shopAdmin/views/index.html [32m200 [0m3.100 ms - 109[0m
[0mGET /shopThemes/views/header-admin.html [36m304 [0m1.855 ms - -[0m
[0mGET /shopAdmin/views/paginated-table.html [32m200 [0m5.367 ms - 605[0m
[0mGET /shopAdmin/views/side-menu.html [36m304 [0m5.369 ms - -[0m
[0mGET /shopAdmin/views/category/list.html [32m200 [0m8.320 ms - -[0m
[0mGET /api/categories [36m304 [0m23.117 ms - -[0m
[0mGET /api/categories [36m304 [0m47.317 ms - -[0m
[0mGET /shopAdmin/views/category/tree.html [32m200 [0m6.754 ms - 320[0m
[0mGET /api/categories [36m304 [0m12.342 ms - -[0m
[0mGET /bower_components/jstree/dist/themes/default/throbber.gif [32m200 [0m13.746 ms - 1720[0m
[0mGET /bower_components/jstree/dist/themes/default/32px.png [32m200 [0m3.414 ms - 3121[0m
[0mGET /shopAdmin/views/category/edit.html [32m200 [0m5.562 ms - -[0m
[0mGET /shopAdmin/views/category/template/tab-category-info.html [32m200 [0m3.922 ms - -[0m
[0mGET /shopAdmin/views/category/template/tab-category-seo.html [32m200 [0m21.427 ms - 1007[0m
[0mGET /shopAdmin/views/category/template/tab-category-stores.html [32m200 [0m16.188 ms - 559[0m
[0mGET /shopAdmin/views/category/template/tab-category-products.html [32m200 [0m24.175 ms - 92[0m
[0mGET /shopAdmin/views/category/template/tab-category-discounts.html [32m200 [0m39.992 ms - 79[0m
[0mGET /api/categories [36m304 [0m53.851 ms - -[0m
[0mGET /shopAdmin/views/category/template/tab-category-acl.html [32m200 [0m39.767 ms - 707[0m
[0mGET /bower_components/bootstrap/dist/fonts/glyphicons-halflings-regular.woff [32m200 [0m4.694 ms - 23320[0m
[0mGET /shopAdmin/views/user/user-list.html [32m200 [0m12.567 ms - -[0m
[0mGET /auth/search/user?email=&name=&roles=authenticated [32m200 [0m6.384 ms - 321[0m
[0mGET /flot.html [33m404 [0m4.919 ms - -[0m
[0mGET /system/system.js [36m304 [0m3.718 ms - -[0m
[0mGET /system/routes/system.js [36m304 [0m1.516 ms - -[0m
[0mGET /system/services/global.js [36m304 [0m1.836 ms - -[0m
[0mGET /system/services/interceptor.js [36m304 [0m2.661 ms - -[0m
[0mGET /shopCatalog/services/cartService.js [36m304 [0m12.891 ms - -[0m
[0mGET /shopCatalog/routes/checkoutRoute.js [36m304 [0m16.139 ms - -[0m
[0mGET /shopCatalog/directives/miniCart.js [36m304 [0m3.075 ms - -[0m
[0mGET /shopCatalog/controllers/checkoutController.js [36m304 [0m7.864 ms - -[0m
[0mGET /shopCatalog/models/cart.js [36m304 [0m7.483 ms - -[0m
[0mGET /shopCategory/controllers/shopCategory.js [36m304 [0m8.992 ms - -[0m
[0mGET /shopCategory/directives/shopFreeShippingWorldwideAd.js [36m304 [0m5.473 ms - -[0m
[0mGET /shopCategory/directives/shopCategoryAccordion.js [36m304 [0m4.340 ms - -[0m
[0mGET /shopCategory/directives/shopProductPriceRange.js [36m304 [0m4.475 ms - -[0m
[0mGET /shopCategory/directives/shopCategoryBrands.js [36m304 [0m9.276 ms - -[0m
[0mGET /shopCategory/routes/shopCategory.js [36m304 [0m10.135 ms - -[0m
[0mGET /shopCategory/services/shopCategory.js [36m304 [0m7.517 ms - -[0m
[0mGET /shopCore/controllers/shopCore.js [36m304 [0m10.371 ms - -[0m
[0mGET /shopCore/routes/shopCore.js [36m304 [0m7.121 ms - -[0m
[0mGET /shopCore/services/shopCore.js [36m304 [0m5.664 ms - -[0m
[0mGET /shopProduct/controllers/shopProduct.js [36m304 [0m5.267 ms - -[0m
[0mGET /shopProduct/directives/shopProductFeaturedItem.js [36m304 [0m11.382 ms - -[0m
[0mGET /shopProduct/services/shopProduct.js [36m304 [0m13.124 ms - -[0m
[0mGET /shopProduct/directives/shopProductRecommendedItem.js [36m304 [0m3.191 ms - -[0m
[0mGET /shopSlider/routes/shopSlider.js [36m304 [0m5.707 ms - -[0m
[0mGET /shopProduct/directives/shopProductTabbedItem.js [36m304 [0m3.979 ms - -[0m
[0mGET /shopProduct/routes/shopProduct.js [36m304 [0m4.021 ms - -[0m
[0mGET /shopSlider/directives/shopSliderContainer.js [36m304 [0m6.069 ms - -[0m
[0mGET /shopSlider/controllers/shopSlider.js [36m304 [0m12.163 ms - -[0m
[0mGET /shopSlider/services/shopSlider.js [36m304 [0m10.486 ms - -[0m
[0mGET /shopThemes/services/shopThemes.js [36m304 [0m11.729 ms - -[0m
[0mGET /shopThemes/directives/shopHeader.js [36m304 [0m7.115 ms - -[0m
[0mGET /shopThemes/routes/shopThemes.js [36m304 [0m7.316 ms - -[0m
[0mGET /shopThemes/controllers/shopThemes.js [36m304 [0m7.262 ms - -[0m
[0mGET /shopUser/controllers/shopUserLoginController.js [36m304 [0m12.632 ms - -[0m
[0mGET /shopUser/controllers/shopUserLogoutController.js [36m304 [0m11.830 ms - -[0m
[0mGET /shopUser/controllers/shopUserPasswordController.js [36m304 [0m9.635 ms - -[0m
[0mGET /shopUser/controllers/shopUserRegistrationController.js [36m304 [0m6.266 ms - -[0m
[0mGET /shopUser/directives/shopUserProfile.js [36m304 [0m5.990 ms - -[0m
[0mGET /shopUser/directives/shopUserProfileAddress.js [36m304 [0m8.309 ms - -[0m
[0mGET /shopUser/directives/shopUserProfileGeneral.js [36m304 [0m9.770 ms - -[0m
[0mGET /shopUser/routes/shopUser.js [36m304 [0m11.826 ms - -[0m
[0mGET /shopUser/services/shopuser.js [36m304 [0m6.236 ms - -[0m
[0mGET /shopWeb/controllers/shopWeb.js [36m304 [0m7.005 ms - -[0m
[0mGET /shopWeb/routes/shopWeb.js [36m304 [0m12.424 ms - -[0m
[0mGET /shopWeb/services/shopWeb.js [36m304 [0m7.337 ms - -[0m
[0mGET /shopThemes/assets/lib/jquery-prettyPhoto/js/jquery.prettyPhoto.js [36m304 [0m8.340 ms - -[0m
[0mGET /shopThemes/assets/lib/bower-bootstrap-slider/js/bootstrap-slider.js [36m304 [0m8.052 ms - -[0m
[0mGET /shopThemes/assets/js/shopThemes.js [36m304 [0m9.783 ms - -[0m
[0mGET /shopThemes/assets/lib/scrollup/src/jquery.scrollUp.js [36m304 [0m14.266 ms - -[0m
[0mGET /bower_components/textAngular/dist/textAngular-rangy.min.js [36m304 [0m26.243 ms - -[0m
[0mGET /bower_components/textAngular/dist/textAngular-sanitize.min.js [36m304 [0m20.625 ms - -[0m
[0mGET /bower_components/textAngular/dist/textAngular.min.js [36m304 [0m21.139 ms - -[0m
[0mGET /bower_components/ng-file-upload/ng-file-upload.min.js [36m304 [0m21.259 ms - -[0m
[0mGET /bower_components/ng-file-upload/ng-file-upload-shim.min.js [36m304 [0m24.619 ms - -[0m
[0mGET /system/assets/css/common.css [36m304 [0m17.195 ms - -[0m
[0mGET /theme/assets/css/loginForms.css [36m304 [0m8.808 ms - -[0m
[0mGET /theme/assets/css/theme.css [36m304 [0m6.172 ms - -[0m
[0mGET /shopWeb/assets/css/shopWeb.css [36m304 [0m6.197 ms - -[0m
[0mGET /articles/assets/css/articles.css [36m304 [0m6.502 ms - -[0m
[0mGET /shopThemes/assets/lib/e-shopper/css/responsive.css [36m304 [0m6.523 ms - -[0m
[0mGET /shopThemes/assets/lib/e-shopper/css/main.css [36m304 [0m11.755 ms - -[0m
[0mGET /shopThemes/assets/lib/seiyria-bootstrap-slider/css/bootstrap-slider.css [36m304 [0m12.995 ms - -[0m
[0mGET /shopThemes/assets/lib/font-awesome/css/font-awesome.css [36m304 [0m5.910 ms - -[0m
[0mGET /shopThemes/assets/lib/jquery-prettyPhoto/css/prettyPhoto.css [36m304 [0m7.013 ms - -[0m
[0mGET /shopThemes/assets/css/shopThemes.css [36m304 [0m6.545 ms - -[0m
[0mGET /shopThemes/assets/lib/animate.css/animate.css [36m304 [0m6.302 ms - -[0m
[0mGET /shopCore/assets/css/shopCore.css [36m304 [0m5.784 ms - -[0m
[0mGET /shopUser/assets/css/shopUser.css [36m304 [0m9.935 ms - -[0m
[0mGET /shopSlider/assets/css/shopSlider.css [36m304 [0m8.493 ms - -[0m
[0mGET /shopCategory/assets/css/shopCategory.css [36m304 [0m7.394 ms - -[0m
[0mGET /shopProduct/assets/css/shopProduct.css [36m304 [0m6.574 ms - -[0m
[0mGET /bower_components/jquery/dist/jquery.min.js?s0a91du0udi [36m304 [0m17.090 ms - -[0m
[0mGET /bower_components/angular/angular.min.js?s0a91du0udi [36m304 [0m30.421 ms - -[0m
[0mGET /bower_components/angular-mocks/angular-mocks.js?s0a91du0udi [36m304 [0m29.325 ms - -[0m
[0mGET /bower_components/angular-cookies/angular-cookies.min.js?s0a91du0udi [36m304 [0m27.071 ms - -[0m
[0mGET /bower_components/angular-resource/angular-resource.min.js?s0a91du0udi [36m304 [0m29.533 ms - -[0m
[0mGET /bower_components/angular-ui-router/release/angular-ui-router.min.js?s0a91du0udi [36m304 [0m23.770 ms - -[0m
[0mGET /bower_components/angular-bootstrap/ui-bootstrap-tpls.js?s0a91du0udi [36m304 [0m19.409 ms - -[0m
[0mGET /bower_components/web-bootstrap/index.js?s0a91du0udi [36m304 [0m12.991 ms - -[0m
[0mGET /bower_components/lodash/lodash.js?s0a91du0udi [36m304 [0m15.093 ms - -[0m
[0mGET /shopThemes/shopThemes.js [36m304 [0m9.534 ms - -[0m
[0mGET /shopWeb/shopWeb.js [36m304 [0m11.771 ms - -[0m
[0mGET /articles/controllers/articles.js [36m304 [0m6.317 ms - -[0m
[0mGET /articles/routes/articles.js [36m304 [0m6.309 ms - -[0m
[0mGET /articles/services/articles.js [36m304 [0m15.004 ms - -[0m
[0mGET /system/controllers/header.js [36m304 [0m14.279 ms - -[0m
[0mGET /system/services/menus.js [36m304 [0m3.266 ms - -[0m
[0mGET /system/controllers/index.js [36m304 [0m11.668 ms - -[0m
[0mGET /theme/services/theme.js [36m304 [0m6.599 ms - -[0m
[0mGET /theme/controllers/theme.js [36m304 [0m12.415 ms - -[0m
[0mGET /theme/routes/theme.js [36m304 [0m3.955 ms - -[0m
[0mGET /users/services/meanUser.js [36m304 [0m2.889 ms - -[0m
[0mGET /users/controllers/meanUser.js [36m304 [0m4.388 ms - -[0m
[0mGET /users/routes/auth.js [36m304 [0m3.050 ms - -[0m
[0mGET /_getModules [36m304 [0m1.294 ms - -[0m
[0mGET /shopThemes/views/header.html [36m304 [0m1.991 ms - -[0m
[0mGET /shopThemes/views/footer.html [36m304 [0m2.191 ms - -[0m
[0mGET /shopCatalog/views/mini-cart.html [36m304 [0m6.797 ms - -[0m
[0mGET /shopThemes/assets/img/home/iframe2.png [36m304 [0m4.580 ms - -[0m
[0mGET /shopThemes/assets/img/home/iframe1.png [36m304 [0m5.216 ms - -[0m
[0mGET /shopThemes/assets/img/home/logo.png [36m304 [0m6.381 ms - -[0m
[0mGET /shopThemes/assets/img/home/iframe3.png [36m304 [0m11.415 ms - -[0m
[0mGET /shopThemes/assets/img/home/iframe4.png [36m304 [0m7.500 ms - -[0m
[0mGET /shopThemes/assets/img/home/map.png [36m304 [0m14.607 ms - -[0m
[0mGET /shopThemes/assets/img/home/searchicon.png [36m304 [0m8.348 ms - -[0m
[0mGET /api/cart [32m200 [0m36.582 ms - 165[0m
[0mGET /shopAdmin/views/user/user-create.html [32m200 [0m7.848 ms - -[0m
[0mPOST /auth/user/create [33m409 [0m45.277 ms - 42[0m
[0mGET /auth/search/user?email=&name=&roles=authenticated [36m304 [0m9.748 ms - -[0m
[0mGET /auth/search/user?email=&name=&roles=authenticated [36m304 [0m4.550 ms - -[0m
[0mGET /shopAdmin/views/user/user-edit.html [32m200 [0m4.834 ms - -[0m
[0mGET /auth/user/557995bcd7562ef023564e4b [32m200 [0m5.664 ms - 319[0m
[0mPUT /auth/user/update [32m200 [0m8.503 ms - 39[0m
[0mGET /auth/search/user?email=&name=&roles=authenticated [32m200 [0m2.979 ms - 359[0m
[0mGET /auth/user/557995bcd7562ef023564e4b [32m200 [0m6.175 ms - 357[0m
[0mGET /auth/search/user?email=&name=&roles=authenticated [36m304 [0m5.100 ms - -[0m
[0mGET /api/categories [36m304 [0m8.717 ms - -[0m
[0mGET /api/categories [36m304 [0m16.600 ms - -[0m
[0mGET /api/categories [36m304 [0m5.472 ms - -[0m
[0mGET /api/categories [36m304 [0m8.941 ms - -[0m
[0mGET /api/categories [36m304 [0m11.639 ms - -[0m
[0mGET /shopAdmin/views/category/create.html [32m200 [0m5.309 ms - 856[0m
[0mGET /api/categories [36m304 [0m19.473 ms - -[0m
[0mGET /api/categories/womens [32m200 [0m6.488 ms - 248[0m
[0mGET /api/products?currentPage=1&orderBy=name&pageSize=6&slug=womens [32m200 [0m33.866 ms - 2[0m
[0mGET /api/categories/fendi [32m200 [0m3.405 ms - 330[0m
[0mGET /api/products?currentPage=1&orderBy=name&pageSize=6&slug=fendi [32m200 [0m12.923 ms - 2[0m
[0mGET /api/categories/guess [32m200 [0m5.048 ms - 330[0m
[0mGET /api/products?currentPage=1&orderBy=name&pageSize=6&slug=guess [32m200 [0m44.317 ms - 2[0m
[0mGET /api/categories/fendi [36m304 [0m2.921 ms - -[0m
[0mGET /api/products?currentPage=1&orderBy=name&pageSize=6&slug=fendi [36m304 [0m15.439 ms - -[0m
[0mGET /api/categories/armani [32m200 [0m5.721 ms - 332[0m
[0mGET /api/products?currentPage=1&orderBy=name&pageSize=6&slug=armani [32m200 [0m21.681 ms - 2[0m
[0mGET /api/categories [36m304 [0m5.083 ms - -[0m
[0mGET /api/categories [36m304 [0m11.748 ms - -[0m
[0mGET /api/categories [36m304 [0m11.614 ms - -[0m
[0mGET /api/categories [36m304 [0m8.588 ms - -[0m
[0mGET /api/categories [36m304 [0m8.333 ms - -[0m
[0mGET /api/categories [36m304 [0m11.139 ms - -[0m
[0mGET /api/categories [36m304 [0m138.594 ms - -[0m
[0mGET /api/categories [36m304 [0m10.699 ms - -[0m
[0mGET /api/categories [36m304 [0m73.097 ms - -[0m
[0mPOST /api/categories [31m500 [0m259.710 ms - -[0m
[0mGET /api/categories [32m200 [0m252.468 ms - -[0m
[0mGET /api/categories [36m304 [0m10.252 ms - -[0m
[0mGET /api/categories [36m304 [0m10.959 ms - -[0m
[0mPOST /api/categories [32m200 [0m79.317 ms - 226[0m
[0mGET /api/categories [32m200 [0m17.792 ms - -[0m
[0mGET /api/categories [36m304 [0m18.418 ms - -[0m
[0mGET /api/categories [36m304 [0m11.345 ms - -[0m
[0mGET /api/categories [36m304 [0m18.360 ms - -[0m
[0mGET /api/categories [36m304 [0m22.099 ms - -[0m
[0mGET / [32m200 [0m107.040 ms - -[0m
[0mGET /system/assets/css/common.css [32m200 [0m76.321 ms - 905[0m
[0mGET /theme/assets/css/loginForms.css [32m200 [0m85.078 ms - -[0m
[0mGET /articles/assets/css/articles.css [32m200 [0m38.625 ms - 94[0m
[0mGET /shopWeb/assets/css/shopWeb.css [32m200 [0m37.044 ms - 226[0m
[0mGET /theme/assets/css/theme.css [32m200 [0m58.707 ms - -[0m
[0mGET /shopSlider/assets/css/shopSlider.css [32m200 [0m46.898 ms - 54[0m
[0mGET /shopThemes/assets/lib/e-shopper/css/main.css [32m200 [0m78.372 ms - -[0m
[0mGET /shopThemes/assets/lib/seiyria-bootstrap-slider/css/bootstrap-slider.css [32m200 [0m89.884 ms - -[0m
[0mGET /shopThemes/assets/lib/e-shopper/css/responsive.css [32m200 [0m97.684 ms - -[0m
[0mGET /shopThemes/assets/lib/font-awesome/css/font-awesome.css [32m200 [0m69.252 ms - -[0m
[0mGET /shopThemes/assets/css/shopThemes.css [32m200 [0m49.226 ms - 589[0m
[0mGET /shopCore/assets/css/shopCore.css [32m200 [0m35.476 ms - 52[0m
[0mGET /shopThemes/assets/lib/animate.css/animate.css [32m200 [0m61.193 ms - -[0m
[0mGET /shopProduct/assets/css/shopProduct.css [32m200 [0m39.163 ms - 55[0m
[0mGET /shopThemes/assets/lib/jquery-prettyPhoto/css/prettyPhoto.css [32m200 [0m71.719 ms - -[0m
[0mGET /shopCategory/assets/css/shopCategory.css [32m200 [0m33.151 ms - 56[0m
[0mGET /shopUser/assets/css/shopUser.css [32m200 [0m28.933 ms - 881[0m
[0mGET /bower_components/angular-cookies/angular-cookies.min.js?ij6l8nkx1or [32m200 [0m31.192 ms - 825[0m
[0mGET /bower_components/jquery/dist/jquery.min.js?ij6l8nkx1or [32m200 [0m59.989 ms - -[0m
[0mGET /bower_components/angular/angular.min.js?ij6l8nkx1or [32m200 [0m60.650 ms - -[0m
[0mGET /bower_components/angular-mocks/angular-mocks.js?ij6l8nkx1or [32m200 [0m42.893 ms - -[0m
[0mGET /bower_components/angular-resource/angular-resource.min.js?ij6l8nkx1or [32m200 [0m32.768 ms - -[0m
[0mGET /bower_components/angular-ui-router/release/angular-ui-router.min.js?ij6l8nkx1or [32m200 [0m31.546 ms - -[0m
[0mGET /bower_components/web-bootstrap/index.js?ij6l8nkx1or [32m200 [0m28.907 ms - 690[0m
[0mGET /system/system.js [32m200 [0m67.242 ms - 512[0m
[0mGET /bower_components/angular-bootstrap/ui-bootstrap-tpls.js?ij6l8nkx1or [32m200 [0m107.926 ms - -[0m
[0mGET /shopThemes/shopThemes.js [32m200 [0m19.215 ms - 238[0m
[0mGET /articles/services/articles.js [32m200 [0m12.067 ms - 297[0m
[0mGET /articles/routes/articles.js [32m200 [0m37.960 ms - -[0m
[0mGET /articles/controllers/articles.js [32m200 [0m39.628 ms - -[0m
[0mGET /shopCatalog/models/cart.js [32m200 [0m34.660 ms - 246[0m
[0mGET /bower_components/lodash/lodash.js?ij6l8nkx1or [32m200 [0m170.330 ms - -[0m
[0mGET /shopCatalog/routes/checkoutRoute.js [32m200 [0m17.103 ms - 315[0m
[0mGET /shopCatalog/controllers/checkoutController.js [32m200 [0m17.415 ms - 379[0m
[0mGET /shopCatalog/directives/miniCart.js [32m200 [0m15.538 ms - 967[0m
[0mGET /theme/routes/theme.js [32m200 [0m15.765 ms - 249[0m
[0mGET /shopCatalog/services/cartService.js [32m200 [0m23.152 ms - -[0m
[0mGET /theme/services/theme.js [32m200 [0m9.604 ms - 126[0m
[0mGET /theme/controllers/theme.js [32m200 [0m20.797 ms - 254[0m
[0mGET /shopCategory/directives/shopCategoryAccordion.js [32m200 [0m41.259 ms - -[0m
[0mGET /shopCategory/directives/shopCategoryBrands.js [32m200 [0m37.843 ms - 351[0m
[0mGET /shopCategory/directives/shopFreeShippingWorldwideAd.js [32m200 [0m38.041 ms - 371[0m
[0mGET /shopCategory/controllers/shopCategory.js [32m200 [0m47.794 ms - -[0m
[0mGET /shopCategory/directives/shopProductPriceRange.js [32m200 [0m24.190 ms - 359[0m
[0mGET /shopCategory/routes/shopCategory.js [32m200 [0m9.140 ms - 343[0m
[0mGET /shopCategory/services/shopCategory.js [32m200 [0m4.334 ms - 244[0m
[0mGET /shopCore/routes/shopCore.js [32m200 [0m17.972 ms - 379[0m
[0mGET /shopCore/controllers/shopCore.js [32m200 [0m22.042 ms - 260[0m
[0mGET /shopCore/services/shopCore.js [32m200 [0m20.298 ms - 135[0m
[0mGET /system/controllers/header.js [32m200 [0m7.372 ms - 951[0m
[0mGET /system/services/global.js [32m200 [0m49.219 ms - 455[0m
[0mGET /system/services/interceptor.js [32m200 [0m57.017 ms - 826[0m
[0mGET /shopThemes/controllers/shopThemes.js [32m200 [0m21.408 ms - 270[0m
[0mGET /system/services/menus.js [32m200 [0m22.179 ms - 214[0m
[0mGET /shopThemes/directives/shopHeader.js [32m200 [0m24.004 ms - 617[0m
[0mGET /system/controllers/index.js [32m200 [0m31.825 ms - -[0m
[0mGET /shopProduct/controllers/shopProduct.js [32m200 [0m33.676 ms - -[0m
[0mGET /system/routes/system.js [32m200 [0m33.141 ms - -[0m
[0mGET /shopProduct/directives/shopProductFeaturedItem.js [32m200 [0m10.589 ms - 462[0m
[0mGET /shopThemes/services/shopThemes.js [32m200 [0m18.611 ms - 141[0m
[0mGET /shopThemes/routes/shopThemes.js [32m200 [0m32.227 ms - 257[0m
[0mGET /shopProduct/directives/shopProductRecommendedItem.js [32m200 [0m25.094 ms - 428[0m
[0mGET /shopProduct/directives/shopProductTabbedItem.js [32m200 [0m27.008 ms - 424[0m
[0mGET /shopProduct/services/shopProduct.js [32m200 [0m23.185 ms - 239[0m
[0mGET /shopProduct/routes/shopProduct.js [32m200 [0m28.628 ms - 323[0m
[0mGET /shopSlider/controllers/shopSlider.js [32m200 [0m18.097 ms - 550[0m
[0mGET /shopSlider/services/shopSlider.js [32m200 [0m16.180 ms - 141[0m
[0mGET /shopWeb/shopWeb.js [32m200 [0m17.475 ms - 227[0m
[0mGET /users/controllers/meanUser.js [32m200 [0m23.949 ms - -[0m
[0mGET /users/routes/auth.js [32m200 [0m23.324 ms - -[0m
[0mGET /shopSlider/routes/shopSlider.js [32m200 [0m14.747 ms - 257[0m
[0mGET /users/services/meanUser.js [32m200 [0m7.929 ms - 130[0m
[0mGET /shopSlider/directives/shopSliderContainer.js [32m200 [0m37.537 ms - 345[0m
[0mGET /shopUser/controllers/shopUserPasswordController.js [32m200 [0m48.941 ms - -[0m
[0mGET /shopUser/controllers/shopUserLogoutController.js [32m200 [0m22.253 ms - 530[0m
[0mGET /shopUser/controllers/shopUserLoginController.js [32m200 [0m18.387 ms - 882[0m
[0mGET /shopUser/controllers/shopUserRegistrationController.js [32m200 [0m69.324 ms - -[0m
[0mGET /shopUser/directives/shopUserProfile.js [32m200 [0m72.951 ms - -[0m
[0mGET /shopWeb/controllers/shopWeb.js [32m200 [0m17.021 ms - 255[0m
[0mGET /shopUser/services/shopuser.js [32m200 [0m15.312 ms - 135[0m
[0mGET /shopUser/directives/shopUserProfileGeneral.js [32m200 [0m19.580 ms - 408[0m
[0mGET /shopUser/directives/shopUserProfileAddress.js [32m200 [0m27.623 ms - -[0m
[0mGET /shopUser/routes/shopUser.js [32m200 [0m27.522 ms - -[0m
[0mGET /shopWeb/routes/shopWeb.js [32m200 [0m21.105 ms - 223[0m
[0mGET /shopWeb/services/shopWeb.js [32m200 [0m2.370 ms - 132[0m
[0mGET /shopThemes/assets/lib/bower-bootstrap-slider/js/bootstrap-slider.js [32m200 [0m4.179 ms - -[0m
[0mGET /shopThemes/assets/js/shopThemes.js [32m200 [0m26.660 ms - -[0m
[0mGET /shopThemes/assets/lib/scrollup/src/jquery.scrollUp.js [32m200 [0m24.024 ms - -[0m
[0mGET /shopThemes/assets/lib/jquery-prettyPhoto/js/jquery.prettyPhoto.js [32m200 [0m27.995 ms - -[0m
[0mGET /bower_components/textAngular/dist/textAngular-rangy.min.js [32m200 [0m27.897 ms - -[0m
[0mGET /bower_components/textAngular/dist/textAngular-sanitize.min.js [32m200 [0m13.709 ms - -[0m
[0mGET /bower_components/textAngular/dist/textAngular.min.js [32m200 [0m14.703 ms - -[0m
[0mGET /_getModules [32m200 [0m4.816 ms - 762[0m
[0mGET /bower_components/ng-file-upload/ng-file-upload.min.js [32m200 [0m18.212 ms - -[0m
[0mGET /bower_components/ng-file-upload/ng-file-upload-shim.min.js [32m200 [0m17.980 ms - -[0m
[0mGET /shopThemes/views/header.html [32m200 [0m4.284 ms - -[0m
[0mGET /shopThemes/views/footer.html [32m200 [0m6.456 ms - -[0m
[0mGET /shopWeb/views/index.html [32m200 [0m5.850 ms - -[0m
[0mGET /shopThemes/assets/img/home/logo.png [32m200 [0m3.140 ms - 2899[0m
[0mGET /shopCatalog/views/mini-cart.html [32m200 [0m27.227 ms - -[0m
[0mGET /api/cart [31m500 [0m41.549 ms - -[0m
[0mGET /shopThemes/assets/img/home/searchicon.png [32m200 [0m21.251 ms - 1165[0m
[0mGET /shopThemes/assets/lib/font-awesome/fonts/fontawesome-webfont.woff?v=4.3.0 [32m200 [0m21.174 ms - 71508[0m
[0mGET /shopThemes/assets/img/home/iframe2.png [32m200 [0m37.818 ms - 9870[0m
[0mGET /shopThemes/assets/img/home/iframe1.png [32m200 [0m41.300 ms - 6915[0m
[0mGET /shopThemes/assets/img/home/iframe3.png [32m200 [0m13.159 ms - 12990[0m
[0mGET /shopThemes/assets/img/home/iframe4.png [32m200 [0m10.783 ms - 13835[0m
[0mGET /shopThemes/assets/img/home/map.png [32m200 [0m11.372 ms - 14823[0m
[0mGET /shopSlider/views/shop-slider-container.html [32m200 [0m6.350 ms - -[0m
[0mGET /shopCategory/views/shop-category-accordion.html [32m200 [0m25.302 ms - -[0m
[0mGET /shopCategory/views/shop-category-brands.html [32m200 [0m47.913 ms - 819[0m
[0mGET /shopCategory/views/shop-product-price-range.html [32m200 [0m47.897 ms - 463[0m
[0mGET /shopCategory/views/shop-free-shipping-worldwide-ad.html [32m200 [0m46.684 ms - 133[0m
[0mGET /shopProduct/views/shop-product-tabbed-item.html [32m200 [0m44.820 ms - 541[0m
[0mGET /shopProduct/views/shop-product-featured-item.html [32m200 [0m48.550 ms - -[0m
[0mGET /shopProduct/views/shop-product-recommended-item.html [32m200 [0m10.767 ms - 509[0m
[0mGET /shopThemes/assets/img/home/girl1.jpg [32m200 [0m13.594 ms - 133812[0m
[0mGET /shopThemes/assets/img/home/pricing.png [32m200 [0m17.221 ms - 10268[0m
[0mGET /shopThemes/assets/img/home/girl3.jpg [32m200 [0m39.415 ms - 124440[0m
[0mGET /shopThemes/assets/img/home/girl2.jpg [32m200 [0m42.087 ms - 144294[0m
[0mGET /shopCategory/assets/img/home/shipping.jpg [32m200 [0m12.482 ms - 57427[0m
[0mGET /api/categories [32m200 [0m38.947 ms - -[0m
[0mGET /shopThemes/assets/img/home/product1.jpg [32m200 [0m5.964 ms - 33098[0m
[0mGET /shopThemes/assets/img/home/product2.jpg [32m200 [0m5.880 ms - 33671[0m
[0mGET /shopThemes/assets/img/home/product3.jpg [32m200 [0m41.106 ms - 22209[0m
[0mGET /shopThemes/assets/img/home/product4.jpg [32m200 [0m44.410 ms - 29976[0m
[0mGET /shopThemes/assets/img/home/product5.jpg [32m200 [0m48.268 ms - 38364[0m
[0mGET /shopThemes/assets/img/home/new.png [32m200 [0m24.988 ms - 1676[0m
[0mGET /shopThemes/assets/img/home/sale.png [32m200 [0m24.402 ms - 1727[0m
[0mGET /shopThemes/assets/img/home/product6.jpg [32m200 [0m36.683 ms - 38854[0m
[0mGET /shopThemes/assets/img/home/gallery1.jpg [32m200 [0m16.375 ms - 27409[0m
[0mGET /shopThemes/assets/img/home/gallery3.jpg [32m200 [0m14.785 ms - 28607[0m
[0mGET /shopThemes/assets/img/home/gallery2.jpg [32m200 [0m16.531 ms - 23044[0m
[0mGET /shopThemes/assets/img/home/gallery4.jpg [32m200 [0m15.698 ms - 30838[0m
[0mGET /shopThemes/assets/img/home/recommend1.jpg [32m200 [0m1.910 ms - 18273[0m
[0mGET /shopThemes/assets/img/home/recommend2.jpg [32m200 [0m5.147 ms - 20025[0m
[0mGET /shopThemes/assets/img/home/recommend3.jpg [32m200 [0m6.807 ms - 18501[0m
[0mGET /favicon.ico [32m200 [0m4.476 ms - -[0m
